2020-05-09_11:38:51.256284     off        74.93   990.23 56.76
2020-05-09_11:39:51.341538     off        74.93   990.23 56.38
2020-05-09_11:40:51.426438     off        75.06   990.19 56.30
2020-05-09_11:41:51.506293     off        75.10   990.17 56.36
2020-05-09_11:42:51.586345     off        75.14   990.24 56.48
2020-05-09_11:43:51.646295     off        75.15   990.19 56.63
2020-05-09_11:44:51.706314     off        75.16   990.23 56.85
2020-05-09_11:45:51.756385     off        75.23   990.29 57.25
2020-05-09_11:46:51.826336     off        75.24   990.35 57.02
2020-05-09_11:47:51.886283     off        75.16   990.31 57.51
2020-05-09_11:48:51.946337     off        75.14   990.35 56.91
2020-05-09_11:49:52.006348     off        75.19   990.28 57.20
2020-05-09_11:50:52.066450     off        75.26   990.30 56.86
2020-05-09_11:51:52.126363     off        75.30   990.36 57.37
2020-05-09_11:52:52.186327     off        75.21   990.38 57.48
2020-05-09_11:53:52.246283     off        75.17   990.43 57.75
2020-05-09_11:54:52.306351     off        75.23   990.37 58.19
2020-05-09_11:55:52.366478     off        75.18   990.35 57.86
2020-05-09_11:56:52.426330     off        75.20   990.43 58.24
2020-05-09_11:57:52.486301     off        75.06   990.46 57.77
2020-05-09_11:58:52.571411     off        75.14   990.43 57.88
2020-05-09_11:59:52.608480     off        75.03   990.46 57.71
2020-05-09_12:00:52.676520     off        75.06   990.49 57.80
2020-05-09_12:01:52.756359     off        75.14   990.48 57.87
2020-05-09_12:02:52.826293     off        75.26   990.51 58.40
2020-05-09_12:03:52.882130     off        75.35   990.48 58.20
2020-05-09_12:04:52.951996     off        75.39   990.50 58.45
2020-05-09_12:05:53.021407     off        75.28   990.53 58.97
2020-05-09_12:06:53.089627     off        75.19   990.50 58.80
2020-05-09_12:07:53.158890     off        74.81   990.50 58.27
2020-05-09_12:08:53.229006     off        74.64   990.54 58.56
2020-05-09_12:09:53.297570     off        74.86   990.52 58.20
2020-05-09_12:10:53.364064     off        74.91   990.54 58.66
2020-05-09_12:11:53.433165     off        74.97   990.51 58.17
2020-05-09_12:12:53.518462     off        75.06   990.41 58.07
2020-05-09_12:13:53.570521     off        75.07   990.52 57.93
2020-05-09_12:14:53.639355     off        75.12   990.51 58.02
2020-05-09_12:15:53.716456     off        75.22   990.55 58.17
2020-05-09_12:16:53.801750     off        75.23   990.45 58.21
2020-05-09_12:17:53.881169     off        75.16   990.61 58.60
2020-05-09_12:18:53.956301     off        75.16   990.55 58.44
2020-05-09_12:19:54.041513     off        75.25   990.63 58.52
2020-05-09_12:20:54.076409     off        75.32   990.59 58.01
2020-05-09_12:21:54.136285     off        75.39   990.54 58.09
2020-05-09_12:22:54.221481     off        75.42   990.58 58.65
2020-05-09_12:23:54.256303     off        75.46   990.56 57.87
2020-05-09_12:24:54.341510     off        75.35   990.53 57.78
2020-05-09_12:25:54.426909     off        75.38   990.48 57.59
2020-05-09_12:26:54.506325     off        75.35   990.51 57.73
2020-05-09_12:27:54.591475     off        75.35   990.59 58.88
2020-05-09_12:28:54.676774     off        75.41   990.51 57.82
2020-05-09_12:29:54.756271     off        75.52   990.47 58.06
2020-05-09_12:30:54.841474     off        75.44   990.51 58.29
2020-05-09_12:31:54.926788     off        75.43   990.48 58.22
2020-05-09_12:32:54.986296     off        75.48   990.52 58.04
2020-05-09_12:33:55.066281     off        75.51   990.52 57.98
2020-05-09_12:34:55.126240     off        75.54   990.55 58.20
2020-05-09_12:35:55.186390     off        75.56   990.54 58.24
2020-05-09_12:36:55.246299     off        75.43   990.48 58.05
2020-05-09_12:37:55.306284     off        75.29   990.48 58.39
2020-05-09_12:38:55.366281     off        75.28   990.47 58.28
2020-05-09_12:39:55.426350     off        75.29   990.48 58.37
2020-05-09_12:40:55.466436     off        75.41   990.43 58.05
2020-05-09_12:41:55.506250     off        75.39   990.39 58.44
2020-05-09_12:42:55.537190     off        75.48   990.44 58.10
2020-05-09_12:43:55.606058     off        75.43   990.42 58.64
2020-05-09_12:44:55.675094     off        75.50   990.51 58.10
2020-05-09_12:45:55.756399     off        75.29   990.51 58.00
2020-05-09_12:46:55.812032     off        75.16   990.50 57.85
2020-05-09_12:47:55.880916     off        75.12   990.40 58.95
2020-05-09_12:48:55.956263     off        75.19   990.31 57.86
2020-05-09_12:49:56.041505     off        75.15   990.49 57.84
2020-05-09_12:50:56.086527     off        75.31   990.37 58.95
2020-05-09_12:51:56.171656     off        75.39   990.36 57.71
2020-05-09_12:52:56.256366     off        75.35   990.40 57.90
2020-05-09_12:53:56.327489     off        75.32   990.40 57.90
2020-05-09_12:54:56.359891     off        75.39   990.41 57.85
2020-05-09_12:55:56.428530     off        75.32   990.43 57.52
2020-05-09_12:56:56.506341     off        75.32   990.43 57.82
2020-05-09_12:57:56.565992     off        75.41   990.38 57.54
2020-05-09_12:58:56.634132     off        75.51   990.41 57.38
2020-05-09_12:59:56.716355     off        75.66   990.41 57.46
2020-05-09_13:00:56.771308     off        75.61   990.42 57.39
2020-05-09_13:01:56.840004     off        75.64   990.39 57.56
2020-05-09_13:02:56.908453     off        75.65   990.35 57.17
2020-05-09_13:03:56.977483     off        75.74   990.38 57.55
2020-05-09_13:04:57.045345     off        75.75   990.36 57.74
2020-05-09_13:05:57.113380     off        75.76   990.29 57.26
2020-05-09_13:06:57.182420     off        75.88   990.37 57.06
2020-05-09_13:07:57.267835     off        75.82   990.32 56.98
2020-05-09_13:08:57.319392     off        75.74   990.32 57.35
2020-05-09_13:09:57.388507     off        75.60   990.36 57.12
2020-05-09_13:10:57.457202     off        75.67   990.32 56.93
2020-05-09_13:11:57.525615     off        75.71   990.30 57.15
2020-05-09_13:12:57.594381     off        75.58   990.29 57.18
2020-05-09_13:13:57.676285     off        75.59   990.24 57.32
2020-05-09_13:14:57.756307     off        75.62   990.27 57.14
2020-05-09_13:15:57.841682     off        75.70   990.24 56.87
2020-05-09_13:16:57.868792     off        75.70   990.21 56.82
2020-05-09_13:17:57.937554     off        75.74   990.22 56.89
2020-05-09_13:18:58.022747     off        75.89   990.27 57.34
2020-05-09_13:19:58.073765     off        75.76   990.21 56.99
2020-05-09_13:20:58.142906     off        75.79   990.15 57.11
2020-05-09_13:21:58.212029     off        75.90   990.15 57.44
2020-05-09_13:22:58.279827     off        75.84   990.12 57.16
2020-05-09_13:23:58.348576     off        75.76   990.13 57.44
2020-05-09_13:24:58.418052     off        75.64   990.12 57.63
2020-05-09_13:25:58.486333     off        75.54   990.17 58.05
2020-05-09_13:26:58.553751     off        75.51   990.17 57.23
2020-05-09_13:27:58.622827     off        75.56   990.11 57.79
2020-05-09_13:28:58.691561     off        75.63   990.11 57.69
2020-05-09_13:29:58.759775     off        75.75   990.12 57.06
2020-05-09_13:30:58.827642     off        75.84   990.09 56.89
2020-05-09_13:31:58.896412     off        75.92   990.16 57.18
2020-05-09_13:32:58.965366     off        75.91   990.07 56.79
2020-05-09_13:33:59.033816     off        75.91   989.99 56.63
2020-05-09_13:34:59.102834     off        75.93   989.99 56.84
2020-05-09_13:35:59.188304     off        76.03   990.02 56.54
2020-05-09_13:36:59.268092     off        76.01   990.03 56.50
2020-05-09_13:37:59.353303     off        75.99   989.99 56.94
2020-05-09_13:38:59.438738     off        75.87   989.96 56.68
2020-05-09_13:39:59.506291     off        75.85   989.97 57.30
2020-05-09_13:40:59.591580     off        75.91   989.99 56.91
2020-05-09_13:41:59.683689     off        75.80   990.01 56.41
2020-05-09_13:42:59.756299     off        75.70   990.02 56.66
2020-05-09_13:43:59.842532     off        75.86   990.00 56.42
2020-05-09_13:44:59.927813     off        75.87   990.01 56.56
2020-05-09_13:46:00.006427     off        75.94   989.97 56.49
2020-05-09_13:47:00.076314     off        75.92   990.00 56.86
2020-05-09_13:48:00.136446     off        75.97   989.94 56.76
2020-05-09_13:49:00.196298     off        76.02   989.90 56.33
2020-05-09_13:50:00.256306     off        76.06   989.97 56.49
2020-05-09_13:51:00.316409     off        76.08   989.88 56.35
2020-05-09_13:52:00.376288     off        76.16   989.90 56.84
2020-05-09_13:53:00.436293     off        76.18   989.94 56.44
2020-05-09_13:54:00.521420     off        76.18   989.97 56.05
2020-05-09_13:55:00.556329     off        76.14   989.93 55.97
2020-05-09_13:56:00.616464     off        76.08   989.96 56.02
2020-05-09_13:57:00.676321     off        76.17   989.91 55.84
2020-05-09_13:58:00.736312     off        76.07   989.87 56.13
2020-05-09_13:59:00.796320     off        76.07   989.92 56.35
2020-05-09_14:00:00.856327     off        75.85   989.86 56.38
2020-05-09_14:01:00.916467     off        75.68   989.84 56.53
2020-05-09_14:02:00.976325     off        75.81   989.85 56.15
2020-05-09_14:03:01.036305     off        75.96   989.77 56.06
2020-05-09_14:04:01.121466     off        76.08   989.83 56.69
2020-05-09_14:05:01.206916     off        75.90   989.85 57.20
2020-05-09_14:06:01.256433     off        75.97   989.84 56.17
2020-05-09_14:07:01.306337     off        75.93   989.80 57.01
2020-05-09_14:08:01.357227     off        75.96   989.77 56.33
2020-05-09_14:09:01.425841     off        76.15   989.75 57.03
2020-05-09_14:10:01.506286     off        76.07   989.85 56.53
2020-05-09_14:11:01.561409     off        76.09   989.73 56.29
2020-05-09_14:12:01.628736     off        76.25   989.77 56.03
2020-05-09_14:13:01.697728     off        76.30   989.73 56.09
2020-05-09_14:14:01.766631     off        76.26   989.64 56.45
2020-05-09_14:15:01.845059     off        76.19   989.73 56.13
2020-05-09_14:16:01.903113     off        76.17   989.74 55.86
2020-05-09_14:17:01.970332     off        76.10   989.79 56.35
2020-05-09_14:18:02.040821     off        76.14   989.69 55.82
2020-05-09_14:19:02.109757     off        76.20   989.72 55.80
2020-05-09_14:20:02.184920     off        76.12   989.65 56.14
2020-05-09_14:21:02.269119     off        75.97   989.59 56.21
2020-05-09_14:22:02.309877     off        75.98   989.63 56.12
2020-05-09_14:23:02.377882     off        76.09   989.65 55.78
2020-05-09_14:24:02.446840     off        76.17   989.58 55.95
2020-05-09_14:25:02.524930     off        76.08   989.59 55.79
2020-05-09_14:26:02.584589     off        76.24   989.49 55.93
2020-05-09_14:27:02.652129     off        75.98   989.63 56.02
2020-05-09_14:28:02.721437     off        75.83   989.52 55.48
2020-05-09_14:29:02.806267     off        75.93   989.52 55.63
2020-05-09_14:30:02.884915     off        75.92   989.57 55.78
2020-05-09_14:31:02.969143     off        76.01   989.57 55.53
2020-05-09_14:32:03.054371     off        75.90   989.50 55.87
2020-05-09_14:33:03.139702     off        75.95   989.55 55.36
2020-05-09_14:34:03.224821     off        76.07   989.52 55.86
2020-05-09_14:35:03.305237     off        75.96   989.53 55.68
2020-05-09_14:36:03.389344     off        76.12   989.46 55.27
2020-05-09_14:37:03.466259     off        76.20   989.40 55.12
2020-05-09_14:38:03.551530     off        76.32   989.39 54.99
2020-05-09_14:39:03.616253     off        76.37   989.44 55.10
2020-05-09_14:40:03.695044     off        76.53   989.40 54.83
2020-05-09_14:41:03.736354     off        76.57   989.41 54.81
2020-05-09_14:42:03.796239     off        76.55   989.42 54.76
2020-05-09_14:43:03.856277     off        76.56   989.40 54.58
2020-05-09_14:44:03.916279     off        76.60   989.38 54.65
2020-05-09_14:45:03.995005     off        76.50   989.46 54.95
2020-05-09_14:46:04.036424     off        76.34   989.38 54.51
2020-05-09_14:47:04.096299     off        76.53   989.43 54.55
2020-05-09_14:48:04.156302     off        76.38   989.35 55.23
2020-05-09_14:49:04.216330     off        76.39   989.35 54.34
2020-05-09_14:50:04.295014     off        76.45   989.35 54.66
2020-05-09_14:51:04.336441     off        76.38   989.35 55.67
2020-05-09_14:52:04.396303     off        76.38   989.29 54.86
2020-05-09_14:53:04.456303     off        76.40   989.25 54.81
2020-05-09_14:54:04.541491     off        76.23   989.26 54.45
2020-05-09_14:55:04.625009     off        76.34   989.26 54.13
2020-05-09_14:56:04.709192     off        76.42   989.30 54.10
2020-05-09_14:57:04.756261     off        76.53   989.26 53.99
2020-05-09_14:58:04.841453     off        76.60   989.22 54.20
2020-05-09_14:59:04.926698     off        76.62   989.24 54.29
2020-05-09_15:00:05.004932     off        76.72   989.22 54.16
2020-05-09_15:01:05.066457     off        76.73   989.20 54.12
2020-05-09_15:02:05.151610     off        76.61   989.15 54.19
2020-05-09_15:03:05.236881     off        76.62   989.21 54.05
2020-05-09_15:04:05.322019     off        76.74   989.18 53.86
2020-05-09_15:05:05.404908     off        76.79   989.18 53.95
2020-05-09_15:06:05.456393     off        76.81   989.17 54.20
2020-05-09_15:07:05.506283     off        76.87   989.19 54.38
2020-05-09_15:08:05.576254     off        76.84   989.11 54.33
2020-05-09_15:09:05.636272     off        76.57   989.08 53.98
2020-05-09_15:10:05.714923     off        76.57   989.06 54.10
2020-05-09_15:11:05.756433     off        76.54   989.11 53.95
2020-05-09_15:12:05.816292     off        76.43   989.04 54.33
2020-05-09_15:13:05.876318     off        76.42   989.08 53.68
2020-05-09_15:14:05.936323     off        76.49   989.04 53.75
2020-05-09_15:15:06.015039     off        76.62   988.97 53.99
2020-05-09_15:16:06.056443     off        76.72   988.98 53.86
2020-05-09_15:17:06.116302     off        76.92   988.95 53.59
2020-05-09_15:18:06.176307     off        76.88   988.98 54.53
2020-05-09_15:19:06.236313     off        76.72   989.00 54.12
2020-05-09_15:20:06.315050     off        76.53   988.94 54.10
2020-05-09_15:21:06.399225     off        76.50   988.94 54.10
2020-05-09_15:22:06.484424     off        76.19   988.92 53.81
2020-05-09_15:23:06.569704     off        76.19   988.87 53.55
2020-05-09_15:24:06.654922     off        76.36   988.90 53.55
2020-05-09_15:25:06.735131     off        76.20   988.89 54.12
2020-05-09_15:26:06.819306     off        76.20   988.91 53.70
2020-05-09_15:27:06.904482     off        76.24   988.79 53.77
2020-05-09_15:28:06.986243     off        76.38   988.83 53.51
2020-05-09_15:29:07.046279     off        76.56   988.75 53.38
2020-05-09_15:30:07.125078     off        76.60   988.81 53.73
2020-05-09_15:31:07.166422     off        76.69   988.82 53.68
2020-05-09_15:32:07.226322     off        76.53   988.83 54.12
2020-05-09_15:33:07.256284     off        76.55   988.82 53.53
2020-05-09_15:34:07.306282     off        76.66   988.79 53.30
2020-05-09_15:35:07.384897     off        76.47   988.78 53.21
2020-05-09_15:36:07.466482     off        76.47   988.80 54.12
2020-05-09_15:37:07.506272     off        76.38   988.67 54.55
2020-05-09_15:38:07.576289     off        76.36   988.73 53.88
2020-05-09_15:39:07.646335     off        76.49   988.77 53.62
2020-05-09_15:40:07.724927     off        76.57   988.79 54.28
2020-05-09_15:41:07.756365     off        76.51   988.71 53.32
2020-05-09_15:42:07.826334     off        76.54   988.68 53.34
2020-05-09_15:43:07.886312     off        76.69   988.76 53.31
2020-05-09_15:44:07.946330     off        76.75   988.74 53.55
2020-05-09_15:45:08.024911     off        76.82   988.77 53.45
2020-05-09_15:46:08.109090     off        76.79   988.69 54.11
2020-05-09_15:47:08.194350     off        76.80   988.70 53.70
2020-05-09_15:48:08.256281     off        76.51   988.68 53.81
2020-05-09_15:49:08.341495     off        76.29   988.75 53.71
2020-05-09_15:50:08.425101     off        76.49   988.66 53.55
2020-05-09_15:51:08.466380     off        76.63   988.66 53.66
2020-05-09_15:52:08.506303     off        76.72   988.68 53.95
2020-05-09_15:53:08.536981     off        76.60   988.68 53.63
2020-05-09_15:54:08.604501     off        76.72   988.65 53.82
2020-05-09_15:55:08.685085     off        76.69   988.65 53.65
2020-05-09_15:56:08.756429     off        76.66   988.71 53.31
2020-05-09_15:57:08.826225     off        76.72   988.65 53.84
2020-05-09_15:58:08.878146     off        76.76   988.72 53.56
2020-05-09_15:59:08.947125     off        76.73   988.69 53.86
2020-05-09_16:00:09.025224     off        76.62   988.70 53.40
2020-05-09_16:01:09.084787     off        76.75   988.66 53.04
2020-05-09_16:02:09.152793     off        76.90   988.74 53.80
2020-05-09_16:03:09.221816     off        76.92   988.70 53.22
2020-05-09_16:04:09.290758     off        76.88   988.72 54.11
2020-05-09_16:05:09.357136     off        76.83   988.73 53.72
2020-05-09_16:06:09.427069     off        76.69   988.71 53.47
2020-05-09_16:07:09.506259     off        76.56   988.70 53.60
2020-05-09_16:08:09.564620     off        76.69   988.65 53.75
2020-05-09_16:09:09.633344     off        76.66   988.74 53.59
2020-05-09_16:10:09.714727     off        76.83   988.78 53.30
2020-05-09_16:11:09.789822     off        76.82   988.72 53.75
2020-05-09_16:12:09.875078     off        76.56   988.72 53.56
2020-05-09_16:13:09.960355     off        76.68   988.70 53.82
2020-05-09_16:14:10.006289     off        76.57   988.73 53.57
2020-05-09_16:15:10.042785     off        76.58   988.74 53.84
2020-05-09_16:16:10.113455     off        76.64   988.72 53.52
2020-05-09_16:17:10.182440     off        76.68   988.83 53.48
2020-05-09_16:18:10.267872     off        76.82   988.69 53.31
2020-05-09_16:19:10.316348     off        76.97   988.69 53.26
2020-05-09_16:20:10.383131     off        77.11   988.71 52.99
2020-05-09_16:21:10.452859     off        77.12   988.77 52.90
2020-05-09_16:22:10.521187     off        77.13   988.75 53.16
2020-05-09_16:23:10.588957     off        76.89   988.70 53.38
2020-05-09_16:24:10.666315     off        76.87   988.76 53.34
2020-05-09_16:25:10.725525     off        76.77   988.73 53.39
2020-05-09_16:26:10.794225     off        76.73   988.69 53.31
2020-05-09_16:27:10.862627     off        76.80   988.70 53.28
2020-05-09_16:28:10.931801     off        76.77   988.70 53.52
2020-05-09_16:29:11.017072     off        76.86   988.75 53.27
2020-05-09_16:30:11.069699     off        76.80   988.70 53.22
2020-05-09_16:31:11.139450     off        76.85   988.64 53.34
2020-05-09_16:32:11.208612     off        76.68   988.70 53.46
2020-05-09_16:33:11.275980     off        76.61   988.77 53.92
2020-05-09_16:34:11.344614     off        76.64   988.77 53.24
2020-05-09_16:35:11.426298     off        76.59   988.72 53.39
2020-05-09_16:36:11.506431     off        76.62   988.70 53.23
2020-05-09_16:37:11.549871     off        76.58   988.66 53.80
2020-05-09_16:38:11.618488     off        76.54   988.63 53.29
2020-05-09_16:39:11.687503     off        76.57   988.65 53.19
2020-05-09_16:40:11.772685     off        76.72   988.71 53.01
2020-05-09_16:41:11.823293     off        76.87   988.63 53.12
2020-05-09_16:42:11.891690     off        76.90   988.63 53.93
2020-05-09_16:43:11.959841     off        76.68   988.64 53.31
2020-05-09_16:44:12.026428     off        76.47   988.59 53.33
2020-05-09_16:45:12.094638     off        76.49   988.61 53.37
2020-05-09_16:46:12.163908     off        76.48   988.57 53.86
2020-05-09_16:47:12.232663     off        76.50   988.48 53.69
2020-05-09_16:48:12.301100     off        76.64   988.61 53.31
2020-05-09_16:49:12.368910     off        76.50   988.65 53.87
2020-05-09_16:50:12.437719     off        76.44   988.61 54.02
2020-05-09_16:51:12.507584     off        76.53   988.62 53.29
2020-05-09_16:52:12.575251     off        76.55   988.63 53.93
2020-05-09_16:53:12.643890     off        76.52   988.66 53.81
2020-05-09_16:54:12.712798     off        76.43   988.58 54.69
2020-05-09_16:55:12.780923     off        76.34   988.58 53.97
2020-05-09_16:56:12.849376     off        76.56   988.62 53.76
2020-05-09_16:57:12.917538     off        76.65   988.57 53.79
2020-05-09_16:58:12.986481     off        76.76   988.61 53.72
2020-05-09_16:59:13.054548     off        76.74   988.62 53.92
2020-05-09_17:00:13.136295     off        76.79   988.61 54.11
2020-05-09_17:01:13.234264     off        76.61   988.52 54.26
2020-05-09_17:02:13.319608     off        76.43   988.52 54.54
2020-05-09_17:03:13.404728     off        76.54   988.52 54.32
2020-05-09_17:04:13.490018     off        76.60   988.51 54.89
2020-05-09_17:05:13.575254     off        76.46   988.50 54.21
2020-05-09_17:06:13.660884     off        76.49   988.56 54.20
2020-05-09_17:07:13.746251     off        76.42   988.43 54.16
2020-05-09_17:08:13.786249     off        76.59   988.48 54.78
2020-05-09_17:09:13.866293     off        76.45   988.54 54.37
2020-05-09_17:10:13.951418     off        76.37   988.47 54.69
2020-05-09_17:11:14.006416     off        76.35   988.51 54.40
2020-05-09_17:12:14.090340     off        76.19   988.55 54.58
2020-05-09_17:13:14.136285     off        76.20   988.47 54.86
2020-05-09_17:14:14.186306     off        76.29   988.45 54.73
2020-05-09_17:15:14.256302     off        76.33   988.46 54.44
2020-05-09_17:16:14.316427     off        76.52   988.53 54.02
2020-05-09_17:17:14.346317     off        76.49   988.48 54.16
2020-05-09_17:18:14.431441     off        76.60   988.49 54.13
2020-05-09_17:19:14.496286     off        76.59   988.48 54.15
2020-05-09_17:20:14.556312     off        76.58   988.52 54.68
2020-05-09_17:21:14.586417     off        76.42   988.54 54.29
2020-05-09_17:22:14.666261     off        76.52   988.50 54.38
2020-05-09_17:23:14.736314     off        76.61   988.48 54.32
2020-05-09_17:24:14.796301     off        76.38   988.45 54.34
2020-05-09_17:25:14.856303     off        76.14   988.42 54.73
2020-05-09_17:26:14.941586     off        76.07   988.42 54.80
2020-05-09_17:27:15.006305     off        76.19   988.44 54.69
2020-05-09_17:28:15.091440     off        76.34   988.45 54.57
2020-05-09_17:29:15.176743     off        76.45   988.57 54.66
2020-05-09_17:30:15.256246     off        76.44   988.51 54.88
2020-05-09_17:31:15.341563     off        76.24   988.52 55.11
2020-05-09_17:32:15.426853     off        76.37   988.53 54.90
2020-05-09_17:33:15.506283     off        76.06   988.48 55.44
2020-05-09_17:34:15.591466     off        75.80   988.46 55.61
2020-05-09_17:35:15.676309     off        75.71   988.46 56.02
2020-05-09_17:36:15.726416     off        75.72   988.53 56.09
2020-05-09_17:37:15.756245     off        75.72   988.47 56.23
2020-05-09_17:38:15.786300     off        75.33   988.41 56.65
2020-05-09_17:39:15.871451     off        75.48   988.47 56.07
2020-05-09_17:40:15.956686     off        75.88   988.51 55.78
2020-05-09_17:41:16.006450     off        75.79   988.45 55.70
2020-05-09_17:42:16.086337     off        75.84   988.50 55.74
2020-05-09_17:43:16.146287     off        75.81   988.53 55.69
2020-05-09_17:44:16.206309     off        75.68   988.49 55.81
2020-05-09_17:45:16.256257     off        75.73   988.51 56.44
2020-05-09_17:46:16.326434     off        75.83   988.49 56.05
2020-05-09_17:47:16.386280     off        75.92   988.52 55.65
2020-05-09_17:48:16.446283     off        75.82   988.49 55.70
2020-05-09_17:49:16.506299     off        75.82   988.49 56.06
2020-05-09_17:50:16.586338     off        75.70   988.46 56.47
2020-05-09_17:51:16.671508     off        75.89   988.49 55.69
2020-05-09_17:52:16.756326     off        75.90   988.42 55.57
2020-05-09_17:53:16.826283     off        75.74   988.44 55.69
2020-05-09_17:54:16.911467     off        75.84   988.42 55.70
2020-05-09_17:55:16.996716     off        76.01   988.49 55.51
2020-05-09_17:56:17.082018     off        75.96   988.45 55.89
2020-05-09_17:57:17.167258     off        76.02   988.37 55.31
2020-05-09_17:58:17.252467     off        76.01   988.47 55.35
2020-05-09_17:59:17.316235     off        75.93   988.44 55.50
2020-05-09_18:00:17.376258     off        75.90   988.47 55.71
2020-05-09_18:01:17.436392     off        75.92   988.49 56.06
2020-05-09_18:02:17.496267     off        75.93   988.51 55.34
2020-05-09_18:03:17.556271     off        76.02   988.56 55.12
2020-05-09_18:04:17.616276     off        75.99   988.48 55.17
2020-05-09_18:05:17.676308     off        76.00   988.51 54.96
2020-05-09_18:06:17.736451     off        76.09   988.49 54.96
2020-05-09_18:07:17.786232     off        76.01   988.47 55.43
2020-05-09_18:08:17.856346     off        76.11   988.48 54.77
2020-05-09_18:09:17.916364     off        75.56   988.44 55.53
2020-05-09_18:10:17.976330     off        75.42   988.42 55.65
2020-05-09_18:11:18.006432     off        75.52   988.35 55.26
2020-05-09_18:12:18.054733     off        75.68   988.41 55.34
2020-05-09_18:13:18.123658     off        75.85   988.32 55.40
2020-05-09_18:14:18.191147     off        75.49   988.40 55.36
2020-05-09_18:15:18.276312     off        75.45   988.42 55.29
2020-05-09_18:16:18.361626     off        75.63   988.44 55.01
2020-05-09_18:17:18.447012     off        75.75   988.44 55.26
2020-05-09_18:18:18.506276     off        75.60   988.44 55.12
2020-05-09_18:19:18.586314     off        75.28   988.43 56.10
2020-05-09_18:20:18.666320     off        75.21   988.38 55.84
2020-05-09_18:21:18.751527     off        75.40   988.37 55.57
2020-05-09_18:22:18.826276     off        75.50   988.49 55.93
2020-05-09_18:23:18.911483     off        75.39   988.38 55.71
2020-05-09_18:24:18.996792     off        75.52   988.40 55.66
2020-05-09_18:25:19.081908     off        75.52   988.38 55.32
2020-05-09_18:26:19.146442     off        75.66   988.40 55.55
2020-05-09_18:27:19.206323     off        75.66   988.41 55.42
2020-05-09_18:28:19.256260     off        75.79   988.34 55.16
2020-05-09_18:29:19.326279     off        75.86   988.44 55.27
2020-05-09_18:30:19.386299     off        75.62   988.43 55.45
2020-05-09_18:31:19.446460     off        75.54   988.42 55.40
2020-05-09_18:32:19.506353     off        75.56   988.44 55.43
2020-05-09_18:33:19.591461     off        75.50   988.43 55.59
2020-05-09_18:34:19.626308     off        75.67   988.46 55.31
2020-05-09_18:35:19.686311     off        75.61   988.45 55.38
2020-05-09_18:36:19.746402     off        75.62   988.43 55.30
2020-05-09_18:37:19.806314     off        75.59   988.46 55.34
2020-05-09_18:38:19.866336     off        75.55   988.43 55.48
2020-05-09_18:39:19.926532     off        75.59   988.46 55.62
2020-05-09_18:40:20.008406     off        75.43   988.45 55.54
2020-05-09_18:41:20.093756     off        75.52   988.45 55.56
2020-05-09_18:42:20.179072     off        75.38   988.48 55.76
2020-05-09_18:43:20.256312     off        75.57   988.55 55.36
2020-05-09_18:44:20.341467     off        75.63   988.50 55.16
2020-05-09_18:45:20.426300     off        75.60   988.47 55.36
2020-05-09_18:46:20.496383     off        75.56   988.57 55.40
2020-05-09_18:47:20.581618     off        75.45   988.50 55.27
2020-05-09_18:48:20.666867     off        75.50   988.57 55.36
2020-05-09_18:49:20.736248     off        75.39   988.57 55.41
2020-05-09_18:50:20.796264     off        75.57   988.55 55.50
2020-05-09_18:51:20.856418     off        75.67   988.62 55.36
2020-05-09_18:52:20.916297     off        75.66   988.56 55.31
2020-05-09_18:53:20.976740     off        75.59   988.65 55.57
2020-05-09_18:54:21.006310     off        75.47   988.68 55.41
2020-05-09_18:55:21.091438     off        75.43   988.61 55.37
2020-05-09_18:56:21.156456     off        75.43   988.64 55.36
2020-05-09_18:57:21.216336     off        75.46   988.67 55.78
2020-05-09_18:58:21.256287     off        75.44   988.73 55.50
2020-05-09_18:59:21.336319     off        75.42   988.71 55.64
2020-05-09_19:00:21.396337     off        75.07   988.77 55.89
2020-05-09_19:01:21.456471     off        75.08   988.83 55.97
2020-05-09_19:02:21.506257     off        75.12   988.78 55.89
2020-05-09_19:03:21.576351     off        74.93   988.83 56.30
2020-05-09_19:04:21.658199     off        74.97   988.81 55.84
2020-05-09_19:05:21.696326     off        75.13   988.80 56.52
2020-05-09_19:06:21.781624     off        74.96   988.86 56.10
2020-05-09_19:07:21.866982     off        75.12   988.92 55.90
2020-05-09_19:08:21.952098     off        75.20   988.89 55.67
2020-05-09_19:09:22.006270     off        75.25   988.90 55.89
2020-05-09_19:10:22.091427     off        75.09   988.89 55.90
2020-05-09_19:11:22.176994     off        75.06   988.95 55.98
2020-05-09_19:12:22.256303     off        75.05   988.89 55.99
2020-05-09_19:13:22.341496     off        75.13   988.94 55.84
2020-05-09_19:14:22.426724     off        75.17   988.97 55.66
2020-05-09_19:15:22.506291     off        75.21   988.95 55.91
2020-05-09_19:16:22.591570     off        75.25   988.97 56.13
2020-05-09_19:17:22.626297     off        75.26   988.97 55.90
2020-05-09_19:18:22.666272     off        75.04   989.04 56.02
2020-05-09_19:19:22.746281     off        74.97   989.03 56.14
2020-05-09_19:20:22.806298     off        74.97   989.00 56.09
2020-05-09_19:21:22.866479     off        75.04   989.01 55.96
2020-05-09_19:22:22.926323     off        74.88   989.06 56.21
2020-05-09_19:23:22.986325     off        74.87   989.10 56.11
2020-05-09_19:24:23.046316     off        75.02   989.08 56.21
2020-05-09_19:25:23.106302     off        74.93   989.05 56.12
2020-05-09_19:26:23.146471     off        74.96   989.02 55.94
2020-05-09_19:27:23.226326     off        74.83   989.06 56.75
2020-05-09_19:28:23.286290     off        74.81   989.07 56.20
2020-05-09_19:29:23.346300     off        74.61   989.08 56.65
2020-05-09_19:30:23.431481     off        74.63   989.10 56.61
2020-05-09_19:31:23.506423     off        74.79   989.16 56.52
2020-05-09_19:32:23.591589     off        74.87   989.08 56.34
2020-05-09_19:33:23.676907     off        74.98   989.15 56.17
2020-05-09_19:34:23.756262     off        74.96   989.13 55.95
2020-05-09_19:35:23.841378     off        74.87   989.10 56.47
2020-05-09_19:36:23.906433     off        74.79   989.13 56.23
2020-05-09_19:37:23.991532     off        74.58   989.14 56.99
2020-05-09_19:38:24.076815     off        74.57   989.16 56.97
2020-05-09_19:39:24.156294     off        74.65   989.12 56.59
2020-05-09_19:40:24.216281     off        74.67   989.13 56.45
2020-05-09_19:41:24.256380     off        74.72   989.13 56.36
2020-05-09_19:42:24.336282     off        74.75   989.13 56.53
2020-05-09_19:43:24.396265     off        74.63   989.10 56.28
2020-05-09_19:44:24.456254     off        74.61   989.22 56.64
2020-05-09_19:45:24.506266     off        74.62   989.12 56.72
2020-05-09_19:46:24.576379     off        74.59   989.15 56.66
2020-05-09_19:47:24.636305     off        74.70   989.16 56.46
2020-05-09_19:48:24.696308     off        74.76   989.24 56.39
2020-05-09_19:49:24.756322     off        74.63   989.18 56.65
2020-05-09_19:50:24.816305     off        74.68   989.14 56.49
2020-05-09_19:51:24.876474     off        74.62   989.09 56.37
2020-05-09_19:52:24.936300     off        74.61   989.24 56.40
2020-05-09_19:53:24.996264     off        74.66   989.20 56.31
2020-05-09_19:54:25.056291     off        74.60   989.21 56.37
2020-05-09_19:55:25.141480     off        74.73   989.22 56.16
2020-05-09_19:56:25.226948     off        74.71   989.27 56.46
2020-05-09_19:57:25.312122     off        74.52   989.24 56.59
2020-05-09_19:58:25.397475     off        74.57   989.23 56.43
2020-05-09_19:59:25.482588     off        74.67   989.21 56.32
2020-05-09_20:00:25.526269     off        74.76   989.22 56.25
2020-05-09_20:01:25.611573     off        74.84   989.23 56.33
2020-05-09_20:02:25.696806     off        74.91   989.27 56.14
2020-05-09_20:03:25.756274     off        74.82   989.27 56.43
2020-05-09_20:04:25.841535     off        74.68   989.36 56.33
2020-05-09_20:05:25.916300     off        74.67   989.29 56.45
2020-05-09_20:06:25.986478     off        74.72   989.34 56.39
2020-05-09_20:07:26.046283     off        74.72   989.29 56.39
2020-05-09_20:08:26.106295     off        74.78   989.31 56.28
2020-05-09_20:09:26.166298     off        74.81   989.34 56.53
2020-05-09_20:10:26.226303     off        74.67   989.40 56.85
2020-05-09_20:11:26.256477     off        74.63   989.42 56.28
2020-05-09_20:12:26.341555     off        74.74   989.33 56.34
2020-05-09_20:13:26.386337     off        74.57   989.36 56.55
2020-05-09_20:14:26.466326     off        74.55   989.35 56.59
2020-05-09_20:15:26.506299     off        74.53   989.44 56.73
2020-05-09_20:16:26.586437     off        74.52   989.43 56.67
2020-05-09_20:17:26.646311     off        74.59   989.47 56.48
2020-05-09_20:18:26.706314     off        74.48   989.45 56.67
2020-05-09_20:19:26.756266     off        74.48   989.53 56.69
2020-05-09_20:20:26.826305     off        74.33   989.47 56.65
2020-05-09_20:21:26.886443     off        74.33   989.53 56.77
2020-05-09_20:22:26.971783     off        74.48   989.61 56.80
2020-05-09_20:23:27.011463     off        74.29   989.54 56.81
2020-05-09_20:24:27.096779     off        74.30   989.57 56.69
2020-05-09_20:25:27.140992     off        74.16   989.53 56.93
2020-05-09_20:26:27.210330     off        74.17   989.54 56.97
2020-05-09_20:27:27.279134     off        74.36   989.58 56.85
2020-05-09_20:28:27.347548     off        74.23   989.62 56.80
2020-05-09_20:29:27.416532     off        74.38   989.65 56.77
2020-05-09_20:30:27.484950     off        74.49   989.62 56.76
2020-05-09_20:31:27.553443     off        74.35   989.68 56.67
2020-05-09_20:32:27.638763     off        74.17   989.59 56.97
2020-05-09_20:33:27.690957     off        74.30   989.68 56.82
2020-05-09_20:34:27.758663     off        74.21   989.61 56.84
2020-05-09_20:35:27.827222     off        74.18   989.63 56.94
2020-05-09_20:36:27.896380     off        74.14   989.67 56.89
2020-05-09_20:37:27.965231     off        74.15   989.71 56.90
2020-05-09_20:38:28.033336     off        74.24   989.66 56.88
2020-05-09_20:39:28.102483     off        74.24   989.71 56.86
2020-05-09_20:40:28.171673     off        74.17   989.70 56.90
2020-05-09_20:41:28.256416     off        74.11   989.73 56.91
2020-05-09_20:42:28.307302     off        74.15   989.76 56.83
2020-05-09_20:43:28.376216     off        74.17   989.70 56.89
2020-05-09_20:44:28.445194     off        74.05   989.78 57.01
2020-05-09_20:45:28.530465     off        74.03   989.81 57.09
2020-05-09_20:46:28.615875     off        74.30   989.82 56.81
2020-05-09_20:47:28.701080     off        74.22   989.78 56.79
2020-05-09_20:48:28.756259     off        74.00   989.87 57.07
2020-05-09_20:49:28.841450     off        74.03   989.87 57.20
2020-05-09_20:50:28.901385     off        73.90   989.89 57.20
2020-05-09_20:51:28.986842     off        74.05   989.89 57.31
2020-05-09_20:52:29.066305     off        73.94   989.90 57.12
2020-05-09_20:53:29.151424     off        73.83   989.98 57.27
2020-05-09_20:54:29.186960     off        73.88   989.97 57.18
2020-05-09_20:55:29.256297     off        73.89   990.01 57.12
2020-05-09_20:56:29.306443     off        73.99   989.97 56.97
2020-05-09_20:57:29.386263     off        73.83   989.98 57.22
2020-05-09_20:58:29.471482     off        73.77   990.04 57.35
2020-05-09_20:59:29.506270     off        73.91   989.95 57.43
2020-05-09_21:00:29.591478     off        73.69   990.05 57.39
2020-05-09_21:01:29.676911     off        73.73   990.00 57.33
2020-05-09_21:02:29.756324     off        73.87   990.02 57.29
2020-05-09_21:03:29.786625     off        73.85   989.95 57.21
2020-05-09_21:04:29.813302     off        73.78   990.05 57.32
2020-05-09_21:05:29.881763     off        73.92   989.99 57.17
2020-05-09_21:06:29.951354     off        73.94   989.98 57.15
2020-05-09_21:07:30.020003     off        73.76   990.00 57.37
2020-05-09_21:08:30.088742     off        73.67   990.00 57.46
2020-05-09_21:09:30.157074     off        73.78   990.00 57.32
2020-05-09_21:10:30.226253     off        73.76   990.03 57.26
2020-05-09_21:11:30.306436     off        73.79   990.03 57.23
2020-05-09_21:12:30.391634     off        73.77   989.99 57.29
2020-05-09_21:13:30.430995     off        73.69   990.02 57.42
2020-05-09_21:14:30.506278     off        73.79   990.00 57.37
2020-05-09_21:15:30.567352     off        73.92   990.02 57.16
2020-05-09_21:16:30.635598     off        73.94   990.06 57.65
2020-05-09_21:17:30.704066     off        74.15   990.03 56.86
2020-05-09_21:18:30.771331     off        74.11   990.00 56.89
2020-05-09_21:19:30.839375     off        74.10   990.02 56.99
2020-05-09_21:20:30.907279     off        74.10   990.04 57.18
2020-05-09_21:21:30.976440     off        74.21   990.01 56.90
2020-05-09_21:22:31.044236     off        74.27   989.98 56.78
2020-05-09_21:23:31.113315     off        74.28   989.99 56.67
2020-05-09_21:24:31.181639     off        74.31   990.00 56.77
2020-05-09_21:25:31.267154     off        74.25   989.99 56.78
2020-05-09_21:26:31.316831     off        74.28   989.99 56.77
2020-05-09_21:27:31.385676     off        74.32   990.03 56.67
2020-05-09_21:28:31.454528     off        74.33   990.07 56.64
2020-05-09_21:29:31.521152     off        74.32   990.08 56.64
2020-05-09_21:30:31.589604     off        74.30   990.15 56.67
2020-05-09_21:31:31.658729     off        74.28   990.07 56.69
2020-05-09_21:32:31.726994     off        74.24   990.04 56.83
2020-05-09_21:33:31.795348     off        74.20   990.08 56.75
2020-05-09_21:34:31.864139     off        74.28   990.02 56.66
2020-05-09_21:35:31.932670     off        74.28   990.07 56.68
2020-05-09_21:36:32.016439     off        74.30   990.09 56.78
2020-05-09_21:37:32.101550     off        74.25   990.04 56.52
2020-05-09_21:38:32.138714     off        74.23   990.08 56.66
2020-05-09_21:39:32.207995     off        74.34   990.07 56.44
2020-05-09_21:40:32.274681     off        74.45   990.10 56.28
2020-05-09_21:41:32.343571     off        74.52   990.07 56.17
2020-05-09_21:42:32.412449     off        74.56   990.05 56.22
2020-05-09_21:43:32.481268     off        74.48   990.04 56.22
2020-05-09_21:44:32.548728     off        74.30   990.07 56.32
2020-05-09_21:45:32.617377     off        74.19   990.10 56.45
2020-05-09_21:46:32.686383     off        74.03   990.04 56.87
2020-05-09_21:47:32.771548     off        74.27   990.03 56.74
2020-05-09_21:48:32.822451     off        74.09   990.03 56.52
2020-05-09_21:49:32.890732     off        74.27   990.03 56.52
2020-05-09_21:50:32.959709     off        74.32   990.03 56.55
2020-05-09_21:51:33.028162     off        74.39   990.04 56.14
2020-05-09_21:52:33.097134     off        74.45   990.04 56.21
2020-05-09_21:53:33.166321     off        74.43   990.04 56.17
2020-05-09_21:54:33.235655     off        74.18   989.96 56.31
2020-05-09_21:55:33.303900     off        74.16   989.99 56.63
2020-05-09_21:56:33.386732     off        74.16   989.80 56.62
2020-05-09_21:57:33.466322     off        74.40   989.96 56.24
2020-05-09_21:58:33.546300     off        74.13   989.96 56.23
2020-05-09_21:59:33.606291     off        74.12   990.01 56.38
2020-05-09_22:00:33.666306     off        74.11   989.92 56.42
2020-05-09_22:01:33.751582     off        74.01   989.90 56.40
2020-05-09_22:02:33.836836     off        73.96   989.97 56.46
2020-05-09_22:03:33.914489     off        74.13   989.93 56.30
2020-05-09_22:04:33.975924     off        73.99   989.94 56.39
2020-05-09_22:05:34.036766     off        74.03   989.90 56.39
2020-05-09_22:06:34.096917     off        74.20   989.89 56.53
2020-05-09_22:07:34.153699     off        74.30   989.98 56.16
2020-05-09_22:08:34.211460     off        74.30   989.93 56.18
2020-05-09_22:09:34.271658     off        74.30   989.98 55.73
2020-05-09_22:10:34.331875     off        74.21   989.90 55.82
2020-05-09_22:11:34.399947     off        73.89   989.93 56.23
2020-05-09_22:12:34.468624     off        73.80   989.88 56.35
2020-05-09_22:13:34.537211     off        73.90   989.96 56.31
2020-05-09_22:14:34.606123     off        73.75   989.91 56.41
2020-05-09_22:15:34.673609     off        73.74   989.85 56.42
2020-05-09_22:16:34.756423     off        73.68   989.98 56.47
2020-05-09_22:17:34.841584     off        73.52   989.92 56.63
2020-05-09_22:18:34.879230     off        73.52   989.87 56.66
2020-05-09_22:19:34.947456     off        73.42   989.88 56.74
2020-05-09_22:20:35.015629     off        73.36   989.86 56.76
2020-05-09_22:21:35.084791     off        73.49   989.89 56.68
2020-05-09_22:22:35.153773     off        73.54   989.86 56.56
2020-05-09_22:23:35.221943     off        73.46   989.83 56.61
2020-05-09_22:24:35.290675     off        73.63   989.83 56.80
2020-05-09_22:25:35.359944     off        73.90   989.78 56.26
2020-05-09_22:26:35.427669     off        74.04   989.80 56.17
2020-05-09_22:27:35.506317     off        74.17   989.83 56.34
2020-05-09_22:28:35.591467     off        74.25   989.75 56.28
2020-05-09_22:29:35.676789     off        74.28   989.75 56.25
2020-05-09_22:30:35.756269     off        74.33   989.74 56.18
2020-05-09_22:31:35.786421     off        74.35   989.71 56.32
2020-05-09_22:32:35.838958     off        74.36   989.71 56.13
2020-05-09_22:33:35.907949     off        74.40   989.75 55.93
2020-05-09_22:34:35.982431     off        74.43   989.67 56.13
2020-05-09_22:35:36.043397     off        74.41   989.70 55.96
2020-05-09_22:36:36.112716     off        74.42   989.63 56.02
2020-05-09_22:37:36.181692     off        74.47   989.55 55.89
2020-05-09_22:38:36.266967     off        74.48   989.61 55.72
2020-05-09_22:39:36.318777     off        74.51   989.53 56.11
2020-05-09_22:40:36.386893     off        74.54   989.61 55.82
2020-05-09_22:41:36.456213     off        74.54   989.50 55.88
2020-05-09_22:42:36.524533     off        74.56   989.57 56.10
2020-05-09_22:43:36.591992     off        74.55   989.51 55.91
2020-05-09_22:44:36.660951     off        74.59   989.58 56.25
2020-05-09_22:45:36.729745     off        74.59   989.60 56.12
2020-05-09_22:46:36.798047     off        74.59   989.58 56.11
2020-05-09_22:47:36.866668     off        74.60   989.53 56.30
2020-05-09_22:48:36.933268     off        74.59   989.50 56.47
2020-05-09_22:49:37.018636     off        74.59   989.50 56.26
2020-05-09_22:50:37.096302     off        74.61   989.51 56.19
2020-05-09_22:51:37.156525     off        74.60   989.45 56.22
2020-05-09_22:52:37.241718     off        74.58   989.46 56.32
2020-05-09_22:53:37.327021     off        74.60   989.45 56.40
2020-05-09_22:54:37.412222     off        74.60   989.48 56.54
2020-05-09_22:55:37.466363     off        74.61   989.32 56.27
2020-05-09_22:56:37.506377     off        74.61   989.38 56.52
2020-05-09_22:57:37.545695     off        74.60   989.37 56.41
2020-05-09_22:58:37.614445     off        74.63   989.39 56.35
2020-05-09_22:59:37.693205     off        74.60   989.37 56.47
2020-05-09_23:00:37.778506     off        74.59   989.33 56.36
2020-05-09_23:01:37.819831     off        74.60   989.40 56.45
2020-05-09_23:02:37.888705     off        74.58   989.38 56.33
2020-05-09_23:03:37.957590     off        74.58   989.46 56.48
2020-05-09_23:04:38.026020     off        74.58   989.38 56.23
2020-05-09_23:05:38.094061     off        74.57   989.40 56.55
2020-05-09_23:06:38.163447     off        74.57   989.42 56.55
2020-05-09_23:07:38.232457     off        74.59   989.39 56.39
2020-05-09_23:08:38.301017     off        74.58   989.43 56.51
2020-05-09_23:09:38.369953     off        74.60   989.40 56.45
2020-05-09_23:10:38.437964     off        74.60   989.34 56.34
2020-05-09_23:11:38.506530     off        74.59   989.44 56.42
2020-05-09_23:12:38.575295     off        74.60   989.37 56.33
2020-05-09_23:13:38.644046     off        74.61   989.35 56.42
2020-05-09_23:14:38.712089     off        74.62   989.36 56.63
2020-05-09_23:15:38.780339     off        74.59   989.31 56.41
2020-05-09_23:16:38.849381     off        74.57   989.28 56.50
2020-05-09_23:17:38.926280     off        74.57   989.32 56.43
2020-05-09_23:18:39.006301     off        74.57   989.23 56.42
2020-05-09_23:19:39.091458     off        74.57   989.25 56.39
2020-05-09_23:20:39.123279     off        74.58   989.27 56.28
2020-05-09_23:21:39.192575     off        74.61   989.22 56.45
2020-05-09_23:22:39.259843     off        74.66   989.15 56.42
2020-05-09_23:23:39.327958     off        74.67   989.08 56.48
2020-05-09_23:24:39.396982     off        74.67   989.13 56.22
2020-05-09_23:25:39.464804     off        74.65   989.12 56.79
2020-05-09_23:26:39.533421     off        74.64   989.11 56.89
2020-05-09_23:27:39.601343     off        74.61   989.08 56.70
2020-05-09_23:28:39.669316     off        74.58   989.06 56.68
2020-05-09_23:29:39.738330     off        74.57   989.05 56.81
2020-05-09_23:30:39.806404     off        74.58   989.06 56.87
2020-05-09_23:31:39.875556     off        74.59   989.01 56.94
2020-05-09_23:32:39.960760     off        74.60   989.02 56.69
2020-05-09_23:33:40.012089     off        74.58   989.08 56.66
2020-05-09_23:34:40.081321     off        74.58   989.06 56.52
2020-05-09_23:35:40.150230     off        74.56   989.06 56.71
2020-05-09_23:36:40.218870     off        74.53   989.11 56.90
2020-05-09_23:37:40.286245     off        74.52   989.10 56.82
2020-05-09_23:38:40.355289     off        74.53   989.03 56.96
2020-05-09_23:39:40.424116     off        74.56   989.17 57.14
2020-05-09_23:40:40.506210     off        74.57   989.07 57.28
2020-05-09_23:41:40.591519     off        74.54   989.09 56.78
2020-05-09_23:42:40.676814     off        74.55   988.99 56.79
2020-05-09_23:43:40.756329     off        74.56   989.06 56.98
2020-05-09_23:44:40.841483     off        74.55   989.08 57.23
2020-05-09_23:45:40.926794     off        74.59   989.06 57.22
2020-05-09_23:46:41.006419     off        74.64   989.11 57.43
2020-05-09_23:47:41.091505     off        74.64   989.03 57.62
2020-05-09_23:48:41.176815     off        74.67   989.13 58.06
2020-05-09_23:49:41.226341     off        74.69   989.07 58.05
2020-05-09_23:50:41.286280     off        74.69   989.01 58.18
2020-05-09_23:51:41.371596     off        74.69   989.07 58.26
2020-05-09_23:52:41.406320     off        74.71   989.06 58.51
2020-05-09_23:53:41.466300     off        74.72   989.08 58.62
2020-05-09_23:54:41.506258     off        74.73   989.11 58.49
2020-05-09_23:55:41.591472     off        74.72   989.08 58.54
2020-05-09_23:56:41.676807     off        74.74   989.09 58.61
2020-05-09_23:57:41.706351     off        74.78   989.02 58.80
2020-05-09_23:58:41.756281     off        74.77   989.09 58.78
2020-05-09_23:59:41.790638     off        74.76   989.08 58.58
2020-05-10_00:00:41.875985     off        74.77   989.06 58.86
2020-05-10_00:01:41.961268     off        74.78   988.99 58.86
2020-05-10_00:02:42.006261     off        74.77   989.06 58.85
2020-05-10_00:03:42.091398     off        74.78   989.02 58.84
2020-05-10_00:04:42.166266     off        74.80   989.09 58.93
2020-05-10_00:05:42.226260     off        74.77   989.06 58.98
2020-05-10_00:06:42.256425     off        74.79   989.11 59.06
2020-05-10_00:07:42.341597     off        74.79   989.16 58.98
2020-05-10_00:08:42.406294     off        74.79   989.11 58.88
2020-05-10_00:09:42.466295     off        74.77   989.12 58.93
2020-05-10_00:10:42.506272     off        74.80   989.20 58.73
2020-05-10_00:11:42.586434     off        74.80   989.17 58.88
2020-05-10_00:12:42.646317     off        74.79   989.16 58.90
2020-05-10_00:13:42.731500     off        74.82   989.27 58.83
2020-05-10_00:14:42.766314     off        74.82   989.24 58.97
2020-05-10_00:15:42.826369     off        74.81   989.29 58.71
2020-05-10_00:16:42.911713     off        74.80   989.25 58.96
2020-05-10_00:17:42.996966     off        74.81   989.23 58.94
2020-05-10_00:18:43.082181     off        74.80   989.20 58.59
2020-05-10_00:19:43.167618     off        74.81   989.34 58.83
2020-05-10_00:20:43.252815     off        74.78   989.23 58.93
2020-05-10_00:21:43.306421     off        74.81   989.29 58.96
2020-05-10_00:22:43.391521     off        74.83   989.36 59.08
2020-05-10_00:23:43.476831     off        74.84   989.31 59.21
2020-05-10_00:24:43.506259     off        74.85   989.41 59.25
2020-05-10_00:25:43.546293     off        74.85   989.40 58.86
2020-05-10_00:26:43.631555     off        74.86   989.34 59.01
2020-05-10_00:27:43.716835     off        74.81   989.29 58.83
2020-05-10_00:28:43.756248     off        74.83   989.28 58.96
2020-05-10_00:29:43.786277     off        74.83   989.25 58.71
2020-05-10_00:30:43.812120     off        74.84   989.39 58.88
2020-05-10_00:31:43.881841     off        74.87   989.45 59.00
2020-05-10_00:32:43.950544     off        74.86   989.36 58.92
2020-05-10_00:33:44.026300     off        74.84   989.37 58.57
2020-05-10_00:34:44.087742     off        74.84   989.39 58.90
2020-05-10_00:35:44.156742     off        74.86   989.42 58.71
2020-05-10_00:36:44.225831     off        74.85   989.43 58.52
2020-05-10_00:37:44.294066     off        74.84   989.42 58.39
2020-05-10_00:38:44.362293     off        74.80   989.39 58.38
2020-05-10_00:39:44.431240     off        74.78   989.40 58.38
2020-05-10_00:40:44.516493     off        74.80   989.36 58.74
2020-05-10_00:41:44.596465     off        74.77   989.39 58.51
2020-05-10_00:42:44.656306     off        74.78   989.45 58.36
2020-05-10_00:43:44.741453     off        74.72   989.45 58.72
2020-05-10_00:44:44.826281     off        74.73   989.46 58.63
2020-05-10_00:45:44.906365     off        74.74   989.47 58.56
2020-05-10_00:46:44.991603     off        74.74   989.47 58.52
2020-05-10_00:47:45.077129     off        74.73   989.43 58.32
2020-05-10_00:48:45.162298     off        74.73   989.41 58.70
2020-05-10_00:49:45.247595     off        74.71   989.38 58.27
2020-05-10_00:50:45.306300     off        74.70   989.43 58.29
2020-05-10_00:51:45.391605     off        74.70   989.43 58.41
2020-05-10_00:52:45.466383     off        74.69   989.39 58.04
2020-05-10_00:53:45.506219     off        74.66   989.39 58.15
2020-05-10_00:54:45.546291     off        74.69   989.42 58.53
2020-05-10_00:55:45.631439     off        74.69   989.45 58.20
2020-05-10_00:56:45.706461     off        74.67   989.35 58.21
2020-05-10_00:57:45.756265     off        74.66   989.37 58.02
2020-05-10_00:58:45.786293     off        74.64   989.32 58.24
2020-05-10_00:59:45.871487     off        74.65   989.36 58.34
2020-05-10_01:00:45.946321     off        74.64   989.27 58.25
2020-05-10_01:01:46.006449     off        74.63   989.31 58.05
2020-05-10_01:02:46.066321     off        74.63   989.23 58.35
2020-05-10_01:03:46.126339     off        74.64   989.30 58.35
2020-05-10_01:04:46.186312     off        74.65   989.25 58.36
2020-05-10_01:05:46.246271     off        74.61   989.27 58.15
2020-05-10_01:06:46.306447     off        74.64   989.21 58.25
2020-05-10_01:07:46.391596     off        74.64   989.21 58.51
2020-05-10_01:08:46.476935     off        74.62   989.25 58.24
2020-05-10_01:09:46.506252     off        74.59   989.23 58.18
2020-05-10_01:10:46.586316     off        74.58   989.19 58.12
2020-05-10_01:11:46.622173     off        74.58   989.14 58.12
2020-05-10_01:12:46.690214     off        74.57   989.17 58.37
2020-05-10_01:13:46.758647     off        74.57   989.21 58.22
2020-05-10_01:14:46.843859     off        74.59   989.23 58.21
2020-05-10_01:15:46.893524     off        74.57   989.23 58.31
2020-05-10_01:16:46.961460     off        74.56   989.25 58.08
2020-05-10_01:17:47.046723     off        74.57   989.20 58.21
2020-05-10_01:18:47.097152     off        74.57   989.29 58.33
2020-05-10_01:19:47.166222     off        74.55   989.18 58.20
2020-05-10_01:20:47.234100     off        74.55   989.24 58.22
2020-05-10_01:21:47.316420     off        74.53   989.27 58.02
2020-05-10_01:22:47.370783     off        74.52   989.24 57.86
2020-05-10_01:23:47.438627     off        74.54   989.28 57.93
2020-05-10_01:24:47.507532     off        74.50   989.22 57.89
2020-05-10_01:25:47.575668     off        74.46   989.16 57.76
2020-05-10_01:26:47.644612     off        74.50   989.22 58.15
2020-05-10_01:27:47.712709     off        74.49   989.19 58.35
2020-05-10_01:28:47.781408     off        74.49   989.29 58.16
2020-05-10_01:29:47.849479     off        74.56   989.30 58.29
2020-05-10_01:30:47.916987     off        74.56   989.30 57.99
2020-05-10_01:31:47.986201     off        74.55   989.29 58.35
2020-05-10_01:32:48.054489     off        74.56   989.30 58.25
2020-05-10_01:33:48.136340     off        74.52   989.24 58.26
2020-05-10_01:34:48.221555     off        74.52   989.24 58.44
2020-05-10_01:35:48.306842     off        74.52   989.24 58.84
2020-05-10_01:36:48.392180     off        74.52   989.21 58.72
2020-05-10_01:37:48.477504     off        74.54   989.26 59.12
2020-05-10_01:38:48.562628     off        74.53   989.22 59.33
2020-05-10_01:39:48.648230     off        74.50   989.22 59.29
2020-05-10_01:40:48.733330     off        74.49   989.21 59.32
2020-05-10_01:41:48.818794     off        74.48   989.18 59.47
2020-05-10_01:42:48.886242     off        74.46   989.11 59.33
2020-05-10_01:43:48.946268     off        74.47   989.22 59.43
2020-05-10_01:44:49.006280     off        74.46   989.21 59.19
2020-05-10_01:45:49.066268     off        74.47   989.22 59.22
2020-05-10_01:46:49.126456     off        74.46   989.24 58.99
2020-05-10_01:47:49.186299     off        74.44   989.28 59.12
2020-05-10_01:48:49.246317     off        74.44   989.28 59.24
2020-05-10_01:49:49.306325     off        74.46   989.32 58.94
2020-05-10_01:50:49.366322     off        74.44   989.31 59.20
2020-05-10_01:51:49.426453     off        74.43   989.29 59.90
2020-05-10_01:52:49.486329     off        74.45   989.37 59.51
2020-05-10_01:53:49.546301     off        74.45   989.29 59.44
2020-05-10_01:54:49.606305     off        74.48   989.31 59.79
2020-05-10_01:55:49.666316     off        74.47   989.39 59.37
2020-05-10_01:56:49.726445     off        74.48   989.37 59.74
2020-05-10_01:57:49.756353     off        74.50   989.30 59.79
2020-05-10_01:58:49.824920     off        74.51   989.28 59.86
2020-05-10_01:59:49.906310     off        74.47   989.20 60.06
2020-05-10_02:00:49.991428     off        74.44   989.25 59.97
2020-05-10_02:01:50.076933     off        74.45   989.31 60.14
2020-05-10_02:02:50.162062     off        74.47   989.30 60.51
2020-05-10_02:03:50.247398     off        74.50   989.30 60.74
2020-05-10_02:04:50.332541     off        74.53   989.27 60.78
2020-05-10_02:05:50.417887     off        74.54   989.26 61.12
2020-05-10_02:06:50.503122     off        74.54   989.23 61.30
2020-05-10_02:07:50.588417     off        74.52   989.24 61.19
2020-05-10_02:08:50.656323     off        74.49   989.19 61.18
2020-05-10_02:09:50.716297     off        74.52   989.24 61.59
2020-05-10_02:10:50.756242     off        74.55   989.26 61.59
2020-05-10_02:11:50.826438     off        74.51   989.23 61.41
2020-05-10_02:12:50.896326     off        74.53   989.19 61.65
2020-05-10_02:13:50.956282     off        74.50   989.20 61.05
2020-05-10_02:14:51.006229     off        74.51   989.26 61.52
2020-05-10_02:15:51.076332     off        74.54   989.23 61.68
2020-05-10_02:16:51.136464     off        74.50   989.28 61.60
2020-05-10_02:17:51.196312     off        74.51   989.31 61.30
2020-05-10_02:18:51.256318     off        74.46   989.27 61.65
2020-05-10_02:19:51.306267     off        74.47   989.25 61.92
2020-05-10_02:20:51.376339     off        74.48   989.15 61.79
2020-05-10_02:21:51.436448     off        74.48   989.23 61.19
2020-05-10_02:22:51.496271     off        74.47   989.33 61.49
2020-05-10_02:23:51.556289     off        74.48   989.26 61.55
2020-05-10_02:24:51.616303     off        74.52   989.32 61.95
2020-05-10_02:25:51.701454     off        74.48   989.23 61.79
2020-05-10_02:26:51.786908     off        74.52   989.24 61.93
2020-05-10_02:27:51.872100     off        74.53   989.25 61.43
2020-05-10_02:28:51.957545     off        74.52   989.21 62.12
2020-05-10_02:29:52.006397     off        74.52   989.21 62.08
2020-05-10_02:30:52.091538     off        74.51   989.26 61.68
2020-05-10_02:31:52.176962     off        74.51   989.26 61.71
2020-05-10_02:32:52.256276     off        74.50   989.28 61.90
2020-05-10_02:33:52.341378     off        74.51   989.26 61.95
2020-05-10_02:34:52.426310     off        74.48   989.20 61.29
2020-05-10_02:35:52.486270     off        74.48   989.15 61.64
2020-05-10_02:36:52.546388     off        74.48   989.15 61.87
2020-05-10_02:37:52.586322     off        74.49   989.19 61.59
2020-05-10_02:38:52.666271     off        74.49   989.16 61.54
2020-05-10_02:39:52.726286     off        74.49   989.19 61.65
2020-05-10_02:40:52.756271     off        74.46   989.21 61.68
2020-05-10_02:41:52.826474     off        74.48   989.20 61.60
2020-05-10_02:42:52.906288     off        74.46   989.19 61.92
2020-05-10_02:43:52.966276     off        74.46   989.13 61.51
2020-05-10_02:44:53.006296     off        74.46   989.13 61.68
2020-05-10_02:45:53.066326     off        74.44   989.01 61.83
2020-05-10_02:46:53.146419     off        74.44   989.08 61.59
2020-05-10_02:47:53.206290     off        74.46   989.11 61.65
2020-05-10_02:48:53.291520     off        74.51   989.10 61.69
2020-05-10_02:49:53.376783     off        74.51   989.07 61.55
2020-05-10_02:50:53.461973     off        74.55   989.05 61.50
2020-05-10_02:51:53.506425     off        74.53   989.11 61.45
2020-05-10_02:52:53.546331     off        74.55   989.18 61.34
2020-05-10_02:53:53.583040     off        74.54   989.18 61.56
2020-05-10_02:54:53.650984     off        74.56   989.19 61.54
2020-05-10_02:55:53.719075     off        74.56   989.14 61.39
2020-05-10_02:56:53.787365     off        74.53   989.19 61.31
2020-05-10_02:57:53.855093     off        74.55   989.24 61.29
2020-05-10_02:58:53.923957     off        74.52   989.27 61.31
2020-05-10_02:59:54.006302     off        74.52   989.27 61.16
2020-05-10_03:00:54.061539     off        74.51   989.23 61.26
2020-05-10_03:01:54.130546     off        74.49   989.13 61.18
2020-05-10_03:02:54.198473     off        74.49   989.11 60.97
2020-05-10_03:03:54.266665     off        74.47   989.22 61.07
2020-05-10_03:04:54.335661     off        74.49   989.27 61.03
2020-05-10_03:05:54.403149     off        74.47   989.30 60.88
2020-05-10_03:06:54.472196     off        74.48   989.26 60.72
2020-05-10_03:07:54.540683     off        74.48   989.23 60.70
2020-05-10_03:08:54.609361     off        74.44   989.31 60.74
2020-05-10_03:09:54.677449     off        74.44   989.25 61.00
2020-05-10_03:10:54.756272     off        74.47   989.39 60.83
2020-05-10_03:11:54.841453     off        74.45   989.31 60.80
2020-05-10_03:12:54.916302     off        74.44   989.27 60.77
2020-05-10_03:13:54.976303     off        74.45   989.29 60.76
2020-05-10_03:14:55.036314     off        74.47   989.22 60.85
2020-05-10_03:15:55.121470     off        74.47   989.25 60.86
2020-05-10_03:16:55.206979     off        74.50   989.36 60.68
2020-05-10_03:17:55.256250     off        74.49   989.27 60.51
2020-05-10_03:18:55.306367     off        74.52   989.37 60.58
2020-05-10_03:19:55.359983     off        74.48   989.34 60.55
2020-05-10_03:20:55.428325     off        74.49   989.38 60.43
2020-05-10_03:21:55.506415     off        74.48   989.31 60.67
2020-05-10_03:22:55.564739     off        74.48   989.31 60.44
2020-05-10_03:23:55.633285     off        74.46   989.24 60.50
2020-05-10_03:24:55.702123     off        74.46   989.35 60.57
2020-05-10_03:25:55.786323     off        74.46   989.32 60.32
2020-05-10_03:26:55.838301     off        74.45   989.26 60.52
2020-05-10_03:27:55.907081     off        74.45   989.34 60.34
2020-05-10_03:28:55.975955     off        74.44   989.36 60.55
2020-05-10_03:29:56.043254     off        74.44   989.33 60.47
2020-05-10_03:30:56.111612     off        74.41   989.24 60.49
2020-05-10_03:31:56.180737     off        74.42   989.28 60.49
2020-05-10_03:32:56.256317     off        74.44   989.35 60.38
2020-05-10_03:33:56.317871     off        74.44   989.35 60.48
2020-05-10_03:34:56.386664     off        74.41   989.33 60.58
2020-05-10_03:35:56.454899     off        74.41   989.33 60.50
2020-05-10_03:36:56.523522     off        74.38   989.30 60.68
2020-05-10_03:37:56.591384     off        74.39   989.36 60.75
2020-05-10_03:38:56.660225     off        74.38   989.33 60.50
2020-05-10_03:39:56.729295     off        74.40   989.32 60.56
2020-05-10_03:40:56.806333     off        74.39   989.34 60.53
2020-05-10_03:41:56.891607     off        74.38   989.33 60.61
2020-05-10_03:42:56.976923     off        74.39   989.36 60.47
2020-05-10_03:43:57.062089     off        74.38   989.38 60.51
2020-05-10_03:44:57.147405     off        74.38   989.38 60.32
2020-05-10_03:45:57.232560     off        74.39   989.42 60.56
2020-05-10_03:46:57.318012     off        74.39   989.39 60.59
2020-05-10_03:47:57.403183     off        74.39   989.36 60.78
2020-05-10_03:48:57.488410     off        74.39   989.36 60.73
2020-05-10_03:49:57.556265     off        74.38   989.43 60.65
2020-05-10_03:50:57.616326     off        74.36   989.44 60.61
2020-05-10_03:51:57.676418     off        74.37   989.45 60.54
2020-05-10_03:52:57.736272     off        74.37   989.45 60.62
2020-05-10_03:53:57.796271     off        74.37   989.51 60.43
2020-05-10_03:54:57.856271     off        74.35   989.44 60.58
2020-05-10_03:55:57.916312     off        74.33   989.47 60.68
2020-05-10_03:56:57.976408     off        74.33   989.50 60.30
2020-05-10_03:57:58.006304     off        74.30   989.52 60.14
2020-05-10_03:58:58.091491     off        74.31   989.62 60.65
2020-05-10_03:59:58.156309     off        74.30   989.60 60.66
2020-05-10_04:00:58.216280     off        74.30   989.60 60.34
2020-05-10_04:01:58.256408     off        74.28   989.61 60.58
2020-05-10_04:02:58.336284     off        74.28   989.66 60.67
2020-05-10_04:03:58.396287     off        74.25   989.59 60.41
2020-05-10_04:04:58.481468     off        74.25   989.61 60.39
2020-05-10_04:05:58.566744     off        74.24   989.60 60.24
2020-05-10_04:06:58.652049     off        74.25   989.61 60.15
2020-05-10_04:07:58.737230     off        74.22   989.64 60.49
2020-05-10_04:08:58.822443     off        74.19   989.62 60.02
2020-05-10_04:09:58.907806     off        74.20   989.62 60.28
2020-05-10_04:10:58.992965     off        74.18   989.61 60.29
2020-05-10_04:11:59.078436     off        74.18   989.61 60.47
2020-05-10_04:12:59.146288     off        74.17   989.64 59.97
2020-05-10_04:13:59.206254     off        74.18   989.69 60.18
2020-05-10_04:14:59.256273     off        74.16   989.64 60.31
2020-05-10_04:15:59.306292     off        74.15   989.63 60.18
2020-05-10_04:16:59.386427     off        74.17   989.62 60.09
2020-05-10_04:17:59.446293     off        74.17   989.64 60.40
2020-05-10_04:18:59.506276     off        74.17   989.62 60.27
2020-05-10_04:19:59.566277     off        74.13   989.66 60.07
2020-05-10_04:20:59.626286     off        74.15   989.60 60.15
2020-05-10_04:21:59.686444     off        74.13   989.61 60.06
2020-05-10_04:22:59.746269     off        74.13   989.64 60.13
2020-05-10_04:23:59.786286     off        74.13   989.61 60.21
2020-05-10_04:24:59.866298     off        74.11   989.70 60.30
2020-05-10_04:25:59.926317     off        74.10   989.69 60.02
2020-05-10_04:26:59.986447     off        74.09   989.71 60.06
2020-05-10_04:28:00.046313     off        74.09   989.76 60.47
2020-05-10_04:29:00.106284     off        74.07   989.69 60.15
2020-05-10_04:30:00.166334     off        74.08   989.62 60.06
2020-05-10_04:31:00.226294     off        74.07   989.69 60.06
2020-05-10_04:32:00.286428     off        74.07   989.69 59.99
2020-05-10_04:33:00.346327     off        74.06   989.68 60.10
2020-05-10_04:34:00.431477     off        74.05   989.70 60.04
2020-05-10_04:35:00.506255     off        74.03   989.71 59.83
2020-05-10_04:36:00.538320     off        74.01   989.74 60.27
2020-05-10_04:37:00.607187     off        73.99   989.72 60.12
2020-05-10_04:38:00.675361     off        73.99   989.72 60.27
2020-05-10_04:39:00.756309     off        73.96   989.73 60.00
2020-05-10_04:40:00.826318     off        73.95   989.69 59.98
2020-05-10_04:41:00.880084     off        73.95   989.72 59.92
2020-05-10_04:42:00.949223     off        73.95   989.77 60.06
2020-05-10_04:43:01.016580     off        73.91   989.71 59.95
2020-05-10_04:44:01.084453     off        73.92   989.67 59.87
2020-05-10_04:45:01.153470     off        73.92   989.75 60.10
2020-05-10_04:46:01.221826     off        73.93   989.67 60.07
2020-05-10_04:47:01.290647     off        73.90   989.73 60.01
2020-05-10_04:48:01.366309     off        73.89   989.74 59.94
2020-05-10_04:49:01.427140     off        73.89   989.71 59.99
2020-05-10_04:50:01.505064     off        73.88   989.68 60.05
2020-05-10_04:51:01.562632     off        73.88   989.76 60.01
2020-05-10_04:52:01.631554     off        73.85   989.71 59.96
2020-05-10_04:53:01.700225     off        73.86   989.77 59.98
2020-05-10_04:54:01.785573     off        73.87   989.75 60.02
2020-05-10_04:55:01.834444     off        73.88   989.78 60.10
2020-05-10_04:56:01.901819     off        73.89   989.82 60.01
2020-05-10_04:57:01.969271     off        73.85   989.79 59.96
2020-05-10_04:58:02.054539     off        73.90   989.86 60.05
2020-05-10_04:59:02.139836     off        73.88   989.76 60.02
2020-05-10_05:00:02.214965     off        73.87   989.75 59.94
2020-05-10_05:01:02.299032     off        73.88   989.87 59.83
2020-05-10_05:02:02.384276     off        73.89   989.79 60.05
2020-05-10_05:03:02.469701     off        73.87   989.80 60.00
2020-05-10_05:04:02.506313     off        73.84   989.80 59.97
2020-05-10_05:05:02.584923     off        73.83   989.82 60.07
2020-05-10_05:06:02.668913     off        73.81   989.86 60.10
2020-05-10_05:07:02.754269     off        73.78   989.89 59.93
2020-05-10_05:08:02.839521     off        73.80   989.82 59.95
2020-05-10_05:09:02.924723     off        73.80   989.85 60.00
2020-05-10_05:10:03.004874     off        73.78   989.86 59.83
2020-05-10_05:11:03.046325     off        73.77   989.83 60.03
2020-05-10_05:12:03.106383     off        73.76   989.89 60.07
2020-05-10_05:13:03.166271     off        73.75   989.88 59.86
2020-05-10_05:14:03.226282     off        73.75   989.85 60.02
2020-05-10_05:15:03.304922     off        73.74   989.90 59.80
2020-05-10_05:16:03.346301     off        73.73   989.81 59.84
2020-05-10_05:17:03.406432     off        73.75   989.88 59.85
2020-05-10_05:18:03.466308     off        73.73   989.81 59.91
2020-05-10_05:19:03.506277     off        73.72   989.94 59.92
2020-05-10_05:20:03.585088     off        73.71   989.82 59.95
2020-05-10_05:21:03.646303     off        73.71   989.98 59.81
2020-05-10_05:22:03.706454     off        73.68   989.90 59.67
2020-05-10_05:23:03.786346     off        73.67   989.95 59.70
2020-05-10_05:24:03.826351     off        73.68   989.93 59.73
2020-05-10_05:25:03.904930     off        73.68   989.96 59.87
2020-05-10_05:26:03.988940     off        73.64   989.90 59.69
2020-05-10_05:27:04.074288     off        73.65   989.96 59.74
2020-05-10_05:28:04.159548     off        73.64   989.95 59.85
2020-05-10_05:29:04.244729     off        73.66   989.97 59.68
2020-05-10_05:30:04.325106     off        73.63   989.93 59.73
2020-05-10_05:31:04.409168     off        73.63   989.94 59.50
2020-05-10_05:32:04.494503     off        73.62   989.95 59.71
2020-05-10_05:33:04.576305     off        73.60   989.99 59.75
2020-05-10_05:34:04.636279     off        73.58   989.94 59.69
2020-05-10_05:35:04.714898     off        73.59   990.03 59.80
2020-05-10_05:36:04.756320     off        73.59   989.98 59.81
2020-05-10_05:37:04.816415     off        73.57   990.02 59.62
2020-05-10_05:38:04.876278     off        73.58   990.05 59.79
2020-05-10_05:39:04.936282     off        73.59   990.03 59.72
2020-05-10_05:40:05.015017     off        73.56   989.98 59.69
2020-05-10_05:41:05.056323     off        73.57   990.04 59.92
2020-05-10_05:42:05.116453     off        73.55   990.05 59.90
2020-05-10_05:43:05.176330     off        73.55   990.05 60.04
2020-05-10_05:44:05.236308     off        73.52   990.03 59.81
2020-05-10_05:45:05.314913     off        73.54   990.04 59.76
2020-05-10_05:46:05.356316     off        73.58   990.02 60.07
2020-05-10_05:47:05.416434     off        73.58   990.05 59.96
2020-05-10_05:48:05.476299     off        73.55   990.03 59.91
2020-05-10_05:49:05.561445     off        73.54   990.02 59.96
2020-05-10_05:50:05.644914     off        73.53   989.98 59.77
2020-05-10_05:51:05.728907     off        73.53   990.06 60.19
2020-05-10_05:52:05.756453     off        73.53   990.01 59.91
2020-05-10_05:53:05.790666     off        73.55   990.03 59.93
2020-05-10_05:54:05.859221     off        73.52   990.03 59.86
2020-05-10_05:55:05.934937     off        73.49   990.00 60.00
2020-05-10_05:56:06.006288     off        73.50   990.04 59.95
2020-05-10_05:57:06.062606     off        73.49   990.05 60.23
2020-05-10_05:58:06.131441     off        73.47   990.00 59.86
2020-05-10_05:59:06.199768     off        73.49   989.99 59.90
2020-05-10_06:00:06.274901     off        73.49   990.02 59.85
2020-05-10_06:01:06.336127     off        73.49   990.05 59.95
2020-05-10_06:02:06.404113     off        73.50   990.09 60.25
2020-05-10_06:03:06.472890     off        73.51   990.07 59.98
2020-05-10_06:04:06.541742     off        73.51   990.05 60.03
2020-05-10_06:05:06.625032     off        73.47   990.03 59.86
2020-05-10_06:06:06.677992     off        73.47   990.03 59.95
2020-05-10_06:07:06.756455     off        73.43   990.02 59.78
2020-05-10_06:08:06.841734     off        73.43   990.02 59.83
2020-05-10_06:09:06.882129     off        73.44   990.06 59.82
2020-05-10_06:10:06.964955     off        73.47   990.08 59.81
2020-05-10_06:11:07.018890     off        73.47   990.11 60.02
2020-05-10_06:12:07.087122     off        73.43   990.18 60.03
2020-05-10_06:13:07.155996     off        73.41   990.14 60.18
2020-05-10_06:14:07.224663     off        73.41   990.14 60.05
2020-05-10_06:15:07.305092     off        73.41   990.09 60.07
2020-05-10_06:16:07.389184     off        73.40   990.16 60.04
2020-05-10_06:17:07.474504     off        73.39   990.12 59.92
2020-05-10_06:18:07.559869     off        73.37   990.11 59.98
2020-05-10_06:19:07.645108     off        73.37   990.05 60.19
2020-05-10_06:20:07.724996     off        73.35   990.14 60.25
2020-05-10_06:21:07.756313     off        73.37   990.13 59.98
2020-05-10_06:22:07.786418     off        73.38   990.20 59.89
2020-05-10_06:23:07.833322     off        73.37   990.16 59.89
2020-05-10_06:24:07.900148     off        73.38   990.11 59.97
2020-05-10_06:25:07.974973     off        73.37   990.19 59.97
2020-05-10_06:26:08.035654     off        73.35   990.19 60.11
2020-05-10_06:27:08.104045     off        73.32   990.22 59.89
2020-05-10_06:28:08.172730     off        73.31   990.15 60.06
2020-05-10_06:29:08.256273     off        73.29   990.16 59.95
2020-05-10_06:30:08.334886     off        73.30   990.36 60.00
2020-05-10_06:31:08.377933     off        73.31   990.29 59.95
2020-05-10_06:32:08.445952     off        73.28   990.29 59.89
2020-05-10_06:33:08.514231     off        73.29   990.27 60.05
2020-05-10_06:34:08.582716     off        73.29   990.25 60.04
2020-05-10_06:35:08.664880     off        73.27   990.39 60.08
2020-05-10_06:36:08.746293     off        73.26   990.38 59.89
2020-05-10_06:37:08.826468     off        73.24   990.42 59.82
2020-05-10_06:38:08.896282     off        73.23   990.33 59.95
2020-05-10_06:39:08.956293     off        73.22   990.40 59.95
2020-05-10_06:40:09.034919     off        73.22   990.34 59.95
2020-05-10_06:41:09.118999     off        73.22   990.34 59.88
2020-05-10_06:42:09.204234     off        73.22   990.35 59.87
2020-05-10_06:43:09.256287     off        73.22   990.37 59.97
2020-05-10_06:44:09.341393     off        73.22   990.39 59.95
2020-05-10_06:45:09.425066     off        73.19   990.34 59.95
2020-05-10_06:46:09.506237     off        73.16   990.42 59.73
2020-05-10_06:47:09.591533     off        73.18   990.47 59.86
2020-05-10_06:48:09.676799     off        73.16   990.42 59.80
2020-05-10_06:49:09.756311     off        73.16   990.42 60.06
2020-05-10_06:50:09.835054     off        73.15   990.44 59.85
2020-05-10_06:51:09.886288     off        73.14   990.38 60.11
2020-05-10_06:52:09.946387     off        73.13   990.42 59.87
2020-05-10_06:53:10.006247     off        73.15   990.44 59.88
2020-05-10_06:54:10.066299     off        73.12   990.50 59.81
2020-05-10_06:55:10.124755     off        73.15   990.49 59.91
2020-05-10_06:56:10.186308     off        73.12   990.52 59.68
2020-05-10_06:57:10.246391     off        73.11   990.46 60.22
2020-05-10_06:58:10.296290     off        73.11   990.54 59.75
2020-05-10_06:59:10.366327     off        73.10   990.59 59.88
2020-05-10_07:00:10.445912     off        73.07   990.55 59.88
2020-05-10_07:01:10.486341     off        73.08   990.59 60.08
2020-05-10_07:02:10.546476     off        73.08   990.60 59.91
2020-05-10_07:03:10.606320     off        73.08   990.54 59.99
2020-05-10_07:04:10.666304     off        73.06   990.62 59.74
2020-05-10_07:05:10.724778     off        73.06   990.57 59.81
2020-05-10_07:06:10.786323     off        73.05   990.64 59.73
2020-05-10_07:07:10.871606     off        73.08   990.70 59.80
2020-05-10_07:08:10.956945     off        73.08   990.65 59.96
2020-05-10_07:09:11.006268     off        73.08   990.70 59.75
2020-05-10_07:10:11.066294     off        73.09   990.63 59.99
2020-05-10_07:11:11.104722     off        73.06   990.68 59.94
2020-05-10_07:12:11.173183     off        73.05   990.72 59.89
2020-05-10_07:13:11.256303     off        73.08   990.76 59.74
2020-05-10_07:14:11.309834     off        73.08   990.70 59.81
2020-05-10_07:15:11.378709     off        73.08   990.70 59.69
2020-05-10_07:16:11.447400     off        73.09   990.74 59.62
2020-05-10_07:17:11.515741     off        73.06   990.62 59.86
2020-05-10_07:18:11.583681     off        73.06   990.65 60.21
2020-05-10_07:19:11.652593     off        73.08   990.70 59.77
2020-05-10_07:20:11.720930     off        73.08   990.72 59.86
2020-05-10_07:21:11.789566     off        73.04   990.66 59.63
2020-05-10_07:22:11.858007     off        73.01   990.69 59.55
2020-05-10_07:23:11.943145     off        73.03   990.73 59.62
2020-05-10_07:24:12.006302     off        73.03   990.76 59.69
2020-05-10_07:25:12.062132     off        73.02   990.73 59.82
2020-05-10_07:26:12.131252     off        73.08   990.78 59.90
2020-05-10_07:27:12.200377     off        73.04   990.72 59.71
2020-05-10_07:28:12.268743     off        73.05   990.75 59.81
2020-05-10_07:29:12.336991     off        73.03   990.60 59.68
2020-05-10_07:30:12.405591     off        73.06   990.73 59.76
2020-05-10_07:31:12.496271     off        73.04   990.69 59.73
2020-05-10_07:32:12.556435     off        73.06   990.79 59.48
2020-05-10_07:33:12.641617     off        73.00   990.76 59.60
2020-05-10_07:34:12.679906     off        72.99   990.70 59.70
2020-05-10_07:35:12.756297     off        73.01   990.85 59.58
2020-05-10_07:36:12.816999     off        72.97   990.82 59.69
2020-05-10_07:37:12.883704     off        72.98   990.88 59.50
2020-05-10_07:38:12.951848     off        73.00   990.90 59.60
2020-05-10_07:39:13.020004     off        72.97   990.82 59.87
2020-05-10_07:40:13.092020     off        72.97   990.90 59.69
2020-05-10_07:41:13.161634     off        72.96   990.94 59.64
2020-05-10_07:42:13.247049     off        72.93   990.99 59.55
2020-05-10_07:43:13.332166     off        72.90   990.99 59.75
2020-05-10_07:44:13.366158     off        72.94   991.00 59.74
2020-05-10_07:45:13.433318     off        72.95   990.99 59.84
2020-05-10_07:46:13.518812     off        72.92   991.06 59.69
2020-05-10_07:47:13.570438     off        72.91   991.11 59.62
2020-05-10_07:48:13.638140     off        72.89   991.01 59.67
2020-05-10_07:49:13.706912     off        72.90   990.96 59.69
2020-05-10_07:50:13.774423     off        72.90   990.96 59.89
2020-05-10_07:51:13.842687     off        72.91   990.95 59.58
2020-05-10_07:52:13.911799     off        72.89   991.06 59.71
2020-05-10_07:53:13.980492     off        72.88   991.03 59.58
2020-05-10_07:54:14.048742     off        72.89   991.09 59.72
2020-05-10_07:55:14.116584     off        72.90   991.10 59.60
2020-05-10_07:56:14.186308     off        72.89   991.06 59.77
2020-05-10_07:57:14.266425     off        72.88   991.14 59.68
2020-05-10_07:58:14.351592     off        72.87   991.05 59.76
2020-05-10_07:59:14.436901     off        72.86   991.09 59.63
2020-05-10_08:00:14.506270     off        72.86   991.09 59.70
2020-05-10_08:01:14.532531     off        72.86   991.15 59.72
2020-05-10_08:02:14.600500     off        72.83   991.17 59.69
2020-05-10_08:03:14.669238     off        72.81   991.18 59.51
2020-05-10_08:04:14.738982     off        72.82   991.11 59.58
2020-05-10_08:05:14.808609     off        72.86   991.20 59.59
2020-05-10_08:06:14.876710     off        72.85   991.14 59.63
2020-05-10_08:07:14.945714     off        72.84   991.07 59.63
2020-05-10_08:08:15.014379     off        72.83   991.04 59.87
2020-05-10_08:09:15.082492     off        72.83   991.01 59.66
2020-05-10_08:10:15.150877     off        72.84   991.05 59.74
2020-05-10_08:11:15.220391     off        72.86   991.04 59.62
2020-05-10_08:12:15.286793     off        72.88   991.06 59.62
2020-05-10_08:13:15.354508     off        72.84   991.07 59.63
2020-05-10_08:14:15.422628     off        72.85   991.06 59.61
2020-05-10_08:15:15.506276     off        72.82   991.08 59.59
2020-05-10_08:16:15.560130     off        72.81   991.10 59.68
2020-05-10_08:17:15.629119     off        72.81   991.09 59.55
2020-05-10_08:18:15.696964     off        72.80   991.06 59.51
2020-05-10_08:19:15.765592     off        72.80   991.11 59.67
2020-05-10_08:20:15.833351     off        72.78   991.15 59.53
2020-05-10_08:21:15.916312     off        72.77   991.09 59.62
2020-05-10_08:22:16.001552     off        72.79   991.13 59.77
2020-05-10_08:23:16.086908     off        72.77   991.11 59.70
2020-05-10_08:24:16.172049     off        72.76   991.13 59.61
2020-05-10_08:25:16.256278     off        72.77   991.11 59.78
2020-05-10_08:26:16.341410     off        72.75   991.12 59.56
2020-05-10_08:27:16.426858     off        72.76   991.11 59.60
2020-05-10_08:28:16.466401     off        72.78   991.04 59.65
2020-05-10_08:29:16.506275     off        72.80   991.03 59.73
2020-05-10_08:30:16.591445     off        72.76   991.03 59.70
2020-05-10_08:31:16.676670     off        72.80   991.11 59.64
2020-05-10_08:32:16.746393     off        72.81   991.10 59.70
2020-05-10_08:33:16.826333     off        72.82   991.14 59.92
2020-05-10_08:34:16.906318     off        72.79   991.16 59.60
2020-05-10_08:35:16.966272     off        72.83   991.23 59.76
2020-05-10_08:36:17.006310     off        72.82   991.22 59.84
2020-05-10_08:37:17.066496     off        72.81   991.18 59.95
2020-05-10_08:38:17.146324     off        72.80   991.22 59.72
2020-05-10_08:39:17.206316     off        72.81   991.26 59.84
2020-05-10_08:40:17.256246     off        72.81   991.26 59.98
2020-05-10_08:41:17.306338     off        72.79   991.24 59.89
2020-05-10_08:42:17.386416     off        72.80   991.25 59.71
2020-05-10_08:43:17.446305     off        72.81   991.29 59.75
2020-05-10_08:44:17.506319     off        72.79   991.24 59.76
2020-05-10_08:45:17.566285     off        72.77   991.22 59.68
2020-05-10_08:46:17.626280     off        72.83   991.28 59.93
2020-05-10_08:47:17.711602     off        72.86   991.31 59.78
2020-05-10_08:48:17.796920     off        72.85   991.27 59.72
2020-05-10_08:49:17.882115     off        72.88   991.35 59.63
2020-05-10_08:50:17.967394     off        72.87   991.32 59.75
2020-05-10_08:51:18.006307     off        72.83   991.34 59.86
2020-05-10_08:52:18.091585     off        72.80   991.33 59.44
2020-05-10_08:53:18.176872     off        72.81   991.31 59.86
2020-05-10_08:54:18.256336     off        72.81   991.31 59.72
2020-05-10_08:55:18.341518     off        72.82   991.33 59.77
2020-05-10_08:56:18.426757     off        72.80   991.38 59.64
2020-05-10_08:57:18.496445     off        72.81   991.34 59.77
2020-05-10_08:58:18.556284     off        72.79   991.45 59.59
2020-05-10_08:59:18.616248     off        72.80   991.41 59.85
2020-05-10_09:00:18.676288     off        72.80   991.38 59.66
2020-05-10_09:01:18.736222     off        72.80   991.41 59.67
2020-05-10_09:02:18.796402     off        72.73   991.35 59.51
2020-05-10_09:03:18.856305     off        72.74   991.36 59.59
2020-05-10_09:04:18.916299     off        72.73   991.30 59.76
2020-05-10_09:05:18.976284     off        72.74   991.30 60.05
2020-05-10_09:06:19.006307     off        72.71   991.31 59.56
2020-05-10_09:07:19.036368     off        72.73   991.27 59.67
2020-05-10_09:08:19.105164     off        72.73   991.30 59.75
2020-05-10_09:09:19.173878     off        72.78   991.34 59.79
2020-05-10_09:10:19.256254     off        72.80   991.38 59.75
2020-05-10_09:11:19.336310     off        72.81   991.37 59.91
2020-05-10_09:12:19.421619     off        72.81   991.37 59.71
2020-05-10_09:13:19.506298     off        72.81   991.32 59.57
2020-05-10_09:14:19.546308     off        72.81   991.40 59.75
2020-05-10_09:15:19.631512     off        72.81   991.42 59.67
2020-05-10_09:16:19.693002     off        72.81   991.45 59.54
2020-05-10_09:17:19.756404     off        72.81   991.47 59.59
2020-05-10_09:18:19.786466     off        72.83   991.36 59.86
2020-05-10_09:19:19.855164     off        72.84   991.34 59.84
2020-05-10_09:20:19.923631     off        72.84   991.34 59.87
2020-05-10_09:21:20.006535     off        72.81   991.28 59.61
2020-05-10_09:22:20.060011     off        72.87   991.29 59.64
2020-05-10_09:23:20.128904     off        72.87   991.29 59.77
2020-05-10_09:24:20.197962     off        72.84   991.32 59.94
2020-05-10_09:25:20.273253     off        72.83   991.39 59.64
2020-05-10_09:26:20.342035     off        72.82   991.41 59.81
2020-05-10_09:27:20.411159     off        72.81   991.42 59.58
2020-05-10_09:28:20.478642     off        72.81   991.42 59.67
2020-05-10_09:29:20.547494     off        72.88   991.40 59.93
2020-05-10_09:30:20.626313     off        72.86   991.36 59.64
2020-05-10_09:31:20.684683     off        72.81   991.37 59.50
2020-05-10_09:32:20.770067     off        72.78   991.37 59.91
2020-05-10_09:33:20.855302     off        72.81   991.39 59.63
2020-05-10_09:34:20.926324     off        72.81   991.43 59.71
2020-05-10_09:35:20.986309     off        72.81   991.44 59.74
2020-05-10_09:36:21.046311     off        72.79   991.48 59.55
2020-05-10_09:37:21.131560     off        72.77   991.46 59.59
2020-05-10_09:38:21.216875     off        72.86   991.50 59.78
2020-05-10_09:39:21.256361     off        72.94   991.51 59.32
2020-05-10_09:40:21.298205     off        72.94   991.54 59.64
2020-05-10_09:41:21.366415     off        72.90   991.58 59.60
2020-05-10_09:42:21.435154     off        72.84   991.56 59.45
2020-05-10_09:43:21.520408     off        72.82   991.54 59.37
2020-05-10_09:44:21.571510     off        72.79   991.59 59.16
2020-05-10_09:45:21.639275     off        72.78   991.55 59.25
2020-05-10_09:46:21.706472     off        72.78   991.61 59.13
2020-05-10_09:47:21.786430     off        72.79   991.59 59.27
2020-05-10_09:48:21.843289     off        72.79   991.62 59.36
2020-05-10_09:49:21.912088     off        72.73   991.70 59.47
2020-05-10_09:50:21.980435     off        72.77   991.68 59.41
2020-05-10_09:51:22.048629     off        72.81   991.70 59.20
2020-05-10_09:52:22.126439     off        72.81   991.64 59.55
2020-05-10_09:53:22.183647     off        72.84   991.64 59.38
2020-05-10_09:54:22.269087     off        72.84   991.61 59.42
2020-05-10_09:55:22.318273     off        72.84   991.67 59.43
2020-05-10_09:56:22.386852     off        72.84   991.64 59.49
2020-05-10_09:57:22.466399     off        72.83   991.66 59.58
2020-05-10_09:58:22.524926     off        72.85   991.73 59.78
2020-05-10_09:59:22.594688     off        72.86   991.63 59.57
2020-05-10_10:00:22.663692     off        72.86   991.66 59.71
2020-05-10_10:01:22.733648     off        72.89   991.66 59.70
2020-05-10_10:02:22.801533     off        72.94   991.64 59.83
2020-05-10_10:03:22.886280     off        72.94   991.59 59.97
2020-05-10_10:04:22.971435     off        72.97   991.60 60.01
2020-05-10_10:05:23.056746     off        72.98   991.63 60.19
2020-05-10_10:06:23.086302     off        72.99   991.56 60.19
2020-05-10_10:07:23.166440     off        73.01   991.58 60.41
2020-05-10_10:08:23.226322     off        73.03   991.62 60.23
2020-05-10_10:09:23.306589     off        73.02   991.61 60.28
2020-05-10_10:10:23.342219     off        73.03   991.62 60.54
2020-05-10_10:11:23.412005     off        73.04   991.71 60.24
2020-05-10_10:12:23.497367     off        73.05   991.69 60.60
2020-05-10_10:13:23.548506     off        73.09   991.74 60.54
2020-05-10_10:14:23.618107     off        73.08   991.77 60.66
2020-05-10_10:15:23.694876     off        73.08   991.64 60.94
2020-05-10_10:16:23.780230     off        73.11   991.70 61.09
2020-05-10_10:17:23.823487     off        73.12   991.73 60.89
2020-05-10_10:18:23.908856     off        73.12   991.68 61.10
2020-05-10_10:19:23.994008     off        73.11   991.75 60.93
2020-05-10_10:20:24.030540     off        73.18   991.76 60.99
2020-05-10_10:21:24.099888     off        73.20   991.78 61.23
2020-05-10_10:22:24.166579     off        73.23   991.84 60.79
2020-05-10_10:23:24.236014     off        73.23   991.81 61.12
2020-05-10_10:24:24.321162     off        73.23   991.70 61.15
2020-05-10_10:25:24.371787     off        73.26   991.78 61.48
2020-05-10_10:26:24.456362     off        73.25   991.69 61.55
2020-05-10_10:27:24.536445     off        73.29   991.75 61.81
2020-05-10_10:28:24.596364     off        73.30   991.73 61.66
2020-05-10_10:29:24.679483     off        73.32   991.72 61.94
2020-05-10_10:30:24.756322     off        73.35   991.64 62.33
2020-05-10_10:31:24.790043     off        73.35   991.68 62.27
2020-05-10_10:32:24.875484     off        73.35   991.72 62.86
2020-05-10_10:33:24.915899     off        73.38   991.65 62.83
2020-05-10_10:34:24.986042     off        73.37   991.64 63.04
2020-05-10_10:35:25.061892     off        73.40   991.69 63.26
2020-05-10_10:36:25.123498     off        73.42   991.63 63.41
2020-05-10_10:37:25.192674     off        73.44   991.62 63.71
2020-05-10_10:38:25.270902     off        73.43   991.69 63.88
2020-05-10_10:39:25.328064     off        73.44   991.70 64.07
2020-05-10_10:40:25.397272     off        73.47   991.73 64.48
2020-05-10_10:41:25.466515     off        73.47   991.75 64.66
2020-05-10_10:42:25.535338     off        73.49   991.72 64.75
2020-05-10_10:43:25.603657     off        73.49   991.74 64.90
2020-05-10_10:44:25.673570     off        73.49   991.75 64.98
2020-05-10_10:45:25.756309     off        73.51   991.74 65.03
2020-05-10_10:46:25.832615     off        73.55   991.78 64.92
2020-05-10_10:47:25.878138     off        73.57   991.79 65.30
2020-05-10_10:48:25.946483     off        73.59   991.78 65.37
2020-05-10_10:49:26.015642     off        73.63   991.79 65.11
2020-05-10_10:50:26.084127     off        73.67   991.70 65.76
2020-05-10_10:51:26.153847     off        73.65   991.73 65.86
2020-05-10_10:52:26.222116     off        73.67   991.70 65.89
2020-05-10_10:53:26.306298     off        73.70   991.78 65.78
2020-05-10_10:54:26.391550     off        73.67   991.83 66.48
2020-05-10_10:55:26.480562     off        73.67   991.78 66.33
2020-05-10_10:56:26.541007     off        73.68   991.65 66.65
2020-05-10_10:57:26.626445     off        73.70   991.67 66.65
2020-05-10_10:58:26.711602     off        73.74   991.68 67.14
2020-05-10_10:59:26.760240     off        73.72   991.66 66.94
2020-05-10_11:00:26.820901     off        73.73   991.70 67.14
2020-05-10_11:01:26.896303     off        73.76   991.67 67.49
2020-05-10_11:02:26.981590     off        73.77   991.74 67.52
2020-05-10_11:03:27.066876     off        73.80   991.68 67.28
2020-05-10_11:04:27.129034     off        73.80   991.68 67.28
2020-05-10_11:05:27.211268     off        73.80   991.74 67.33
2020-05-10_11:06:27.296284     off        73.80   991.68 67.58
2020-05-10_11:07:27.356442     off        73.82   991.62 67.30
2020-05-10_11:08:27.396263     off        73.86   991.65 67.24
2020-05-10_11:09:27.466338     off        73.88   991.67 66.93
2020-05-10_11:10:27.551480     off        73.90   991.69 66.95
2020-05-10_11:11:27.608938     off        73.90   991.69 67.12
2020-05-10_11:12:27.656457     off        73.90   991.69 67.14
2020-05-10_11:13:27.741601     off        73.91   991.68 66.75
2020-05-10_11:14:27.776326     off        73.91   991.65 66.83
2020-05-10_11:15:27.836459     off        73.94   991.65 66.90
2020-05-10_11:16:27.896306     off        73.98   991.60 66.09
2020-05-10_11:17:27.981647     off        73.95   991.55 65.13
2020-05-10_11:18:28.067023     off        73.87   991.55 62.68
2020-05-10_11:19:28.152177     off        73.66   991.58 60.64
2020-05-10_11:20:28.216385     off        73.34   991.58 61.51
2020-05-10_11:21:28.270912     off        73.22   991.53 61.32
2020-05-10_11:22:28.320387     off        73.06   991.51 61.19
2020-05-10_11:23:28.353158     off        72.99   991.53 60.64
2020-05-10_11:24:28.422156     off        72.93   991.53 61.11
2020-05-10_11:25:28.506273     off        73.01   991.50 60.66
2020-05-10_11:26:28.557964     off        72.97   991.52 60.59
2020-05-10_11:27:28.626572     off        72.89   991.47 60.45
2020-05-10_11:28:28.694471     off        72.96   991.43 61.07
2020-05-10_11:29:28.763188     off        72.87   991.45 61.14
2020-05-10_11:30:28.830972     off        73.11   991.51 61.18
2020-05-10_11:31:28.900113     off        72.91   991.40 60.47
2020-05-10_11:32:28.968856     off        72.39   991.33 60.42
2020-05-10_11:33:29.036204     off        72.08   991.40 61.36
2020-05-10_11:34:29.114936     off        72.27   991.43 61.18
2020-05-10_11:35:29.186347     off        72.46   991.45 60.98
2020-05-10_11:36:29.285898     off        71.99   991.50 60.92
2020-05-10_11:37:29.366435     off        71.93   991.42 60.77
2020-05-10_11:38:29.426319     off        71.89   991.44 61.07
2020-05-10_11:39:29.486424     off        72.19   991.47 60.80
